TN:
SF:/home/liyuan/tmp/libsmb2/tests/metastat-0202-censored.c
FN:26,stat_cb
FNDA:20000,stat_cb
FN:34,service_loop
FNDA:10,service_loop
FN:48,usage
FNDA:0,usage
FN:54,main
FNDA:10,main
DA:26,20000
DA:28,20000
DA:29,20000
DA:30,20000
DA:31,20000
DA:32,20000
DA:34,10
DA:35,20184
DA:36,20174
DA:37,20174
DA:38,20174
DA:39,20174
DA:40,20174
DA:41,0
DA:42,0
DA:45,10
DA:48,0
DA:49,0
DA:52,0
DA:54,10
DA:55,10
DA:57,10
DA:58,0
DA:59,0
DA:61,10
DA:63,10
DA:64,10
DA:66,10
DA:67,10
DA:69,10
DA:70,10
DA:72,10
DA:73,10
DA:74,10
DA:75,10
DA:78,10
DA:79,0
DA:80,0
DA:84,10
DA:85,20010
DA:86,20000
DA:89,20000
DA:90,0
DA:92,20000
DA:94,20000
DA:95,20000
DA:96,20000
DA:98,20000
DA:99,20000
DA:100,20000
DA:101,20000
DA:104,20000
DA:105,0
DA:106,0
DA:107,0
DA:109,20000
DA:112,20000
DA:115,10
DA:118,20010
DA:119,20000
DA:120,20000
DA:121,20000
DA:122,0
DA:124,20000
DA:126,20000
DA:127,20000
DA:128,20000
DA:130,20000
DA:133,10
DA:134,10
DA:135,10
end_of_record
TN:
SF:/home/liyuan/tmp/libsmb2/tests/prog_rmdir.c
FN:34,usage
FNDA:0,usage
FN:43,main
FNDA:6,main
DA:34,0
DA:36,0
DA:40,0
DA:43,6
DA:47,6
DA:49,6
DA:50,0
DA:53,6
DA:54,6
DA:55,0
DA:56,0
DA:59,6
DA:60,6
DA:61,0
DA:63,0
DA:66,6
DA:67,6
DA:68,0
DA:69,0
DA:72,6
DA:73,2
DA:74,2
DA:77,4
DA:78,6
DA:79,6
DA:80,6
DA:81,6
DA:83,6
end_of_record
TN:
SF:/home/liyuan/tmp/libsmb2/tests/prog_ls.c
FN:76,usage
FNDA:0,usage
FN:85,main
FNDA:42,main
DA:42,464
DA:43,5
DA:46,464
DA:48,464
DA:49,0
DA:51,464
DA:59,133
DA:61,5
DA:62,0
DA:64,5
DA:65,5
DA:68,133
DA:70,133
DA:71,0
DA:73,133
DA:76,0
DA:78,0
DA:82,0
DA:85,42
DA:92,42
DA:94,42
DA:95,0
DA:99,42
DA:100,0
DA:102,42
DA:103,0
DA:106,42
DA:108,42
DA:109,0
DA:112,42
DA:113,42
DA:114,0
DA:115,0
DA:118,42
DA:119,42
DA:120,0
DA:122,0
DA:125,42
DA:126,42
DA:127,17
DA:128,17
DA:131,25
DA:132,25
DA:133,19
DA:134,19
DA:137,26
DA:141,20
DA:142,20
DA:143,0
DA:144,0
DA:145,0
DA:146,8
DA:147,8
DA:148,8
DA:149,12
DA:150,12
DA:151,12
DA:152,0
DA:153,0
DA:154,0
DA:156,20
DA:157,20
DA:160,0
DA:161,0
DA:162,0
DA:163,0
DA:166,0
DA:167,0
DA:168,0
DA:171,0
DA:172,0
DA:174,0
DA:176,0
DA:180,6
DA:181,6
DA:182,25
DA:183,25
DA:184,42
DA:185,42
DA:186,42
DA:188,42
end_of_record
SF:/usr/include/stdlib.h
FN:540,malloc
FNDA:464,malloc
FN:543,calloc
FNDA:133,calloc
DA:540,464
DA:543,133
end_of_record
TN:
SF:/home/liyuan/tmp/libsmb2/tests/ld_sockerr.c
DA:39,2542
DA:40,137
DA:43,137
DA:44,137
DA:48,2542
DA:50,2542
DA:52,133
DA:53,133
DA:54,133
DA:56,2409
end_of_record
SF:/usr/include/x86_64-linux-gnu/sys/uio.h
FN:41,readv
FNDA:2542,readv
DA:41,2542
end_of_record
TN:
SF:/home/liyuan/tmp/libsmb2/tests/prog_mkdir.c
FN:34,usage
FNDA:0,usage
FN:43,main
FNDA:4,main
DA:34,0
DA:36,0
DA:40,0
DA:43,4
DA:47,4
DA:49,4
DA:50,0
DA:53,4
DA:54,4
DA:55,0
DA:56,0
DA:59,4
DA:60,4
DA:61,0
DA:63,0
DA:66,4
DA:67,4
DA:68,0
DA:69,0
DA:72,4
DA:73,4
DA:74,0
DA:75,0
DA:78,4
DA:79,4
DA:80,4
DA:81,4
DA:82,4
DA:84,4
end_of_record
TN:
SF:/home/liyuan/tmp/libsmb2/tests/prog_cat_cancel.c
FN:46,usage
FNDA:0,usage
FN:55,dc_cb
FNDA:1,dc_cb
FN:61,cl_cb
FNDA:1,cl_cb
FN:67,pr_cb
FNDA:2,pr_cb
FN:97,of_cb
FNDA:1,of_cb
FN:116,ofc_cb
FNDA:0,ofc_cb
FN:123,cf_cb
FNDA:1,cf_cb
FN:148,main
FNDA:1,main
DA:46,0
DA:48,0
DA:52,0
DA:55,1
DA:58,1
DA:59,1
DA:61,1
DA:64,1
DA:65,1
DA:67,2
DA:70,2
DA:72,2
DA:73,0
DA:75,0
DA:76,0
DA:79,2
DA:80,1
DA:81,0
DA:82,0
DA:84,1
DA:87,1
DA:89,1
DA:90,1
DA:91,0
DA:92,0
DA:93,0
DA:97,1
DA:100,1
DA:102,1
DA:103,0
DA:105,0
DA:106,0
DA:109,1
DA:110,0
DA:111,0
DA:112,0
DA:116,0
DA:119,0
DA:120,0
DA:123,1
DA:128,1
DA:129,0
DA:131,0
DA:132,0
DA:135,1
DA:137,1
DA:138,1
DA:140,1
DA:142,0
DA:143,0
DA:144,0
DA:148,1
DA:155,1
DA:156,0
DA:159,1
DA:160,1
DA:161,0
DA:162,0
DA:165,1
DA:166,1
DA:167,0
DA:169,0
DA:172,1
DA:173,1
DA:174,1
DA:175,0
DA:176,0
DA:179,12
DA:180,12
DA:181,12
DA:183,12
DA:184,0
DA:185,0
DA:187,12
DA:188,0
DA:190,12
DA:191,1
DA:193,1
DA:197,0
DA:198,1
DA:199,1
DA:200,1
DA:202,1
end_of_record
TN:
SF:/home/liyuan/tmp/libsmb2/tests/smb2-dcerpc-coder-test.c
FN:42,usage
FNDA:0,usage
FN:52,test_dcerpc_coder
FNDA:6,test_dcerpc_coder
FN:139,compare_utf16
FNDA:3,compare_utf16
FN:151,test_utf16_ndr32_le
FNDA:1,test_utf16_ndr32_le
FN:169,test_utf16_ndr32_be
FNDA:1,test_utf16_ndr32_be
FN:187,test_utf16_ndr64_le
FNDA:1,test_utf16_ndr64_le
FN:220,compare_SHARE_INFO_1
FNDA:1,compare_SHARE_INFO_1
FN:240,test_SHARE_INFO_1_ndr32_le
FNDA:1,test_SHARE_INFO_1_ndr32_le
FN:265,compare_SHARE_INFO_1_CONTAINER
FNDA:2,compare_SHARE_INFO_1_CONTAINER
FN:292,test_SHARE_INFO_1_CONTAINER_ndr32_le
FNDA:1,test_SHARE_INFO_1_CONTAINER_ndr32_le
FN:416,test_SHARE_INFO_1_CONTAINER_ndr64_le
FNDA:1,test_SHARE_INFO_1_CONTAINER_ndr64_le
FN:593,main
FNDA:1,main
DA:42,0
DA:44,0
DA:46,0
DA:52,6
DA:63,6
DA:65,6
DA:68,6
DA:69,6
DA:70,6
DA:71,6
DA:72,6
DA:73,6
DA:74,6
DA:76,0
DA:77,0
DA:79,6
DA:80,0
DA:82,0
DA:83,0
DA:86,6
DA:87,0
DA:88,0
DA:89,0
DA:90,0
DA:91,0
DA:93,0
DA:101,238
DA:102,232
DA:103,21
DA:109,6
DA:110,0
DA:111,0
DA:112,0
DA:113,0
DA:116,0
DA:119,6
DA:120,6
DA:121,6
DA:122,6
DA:123,6
DA:125,0
DA:126,0
DA:128,6
DA:129,0
DA:131,0
DA:133,6
DA:134,6
DA:135,6
DA:136,6
DA:137,6
DA:139,3
DA:141,3
DA:142,3
DA:144,3
DA:145,0
DA:146,0
DA:148,3
DA:151,1
DA:154,1
DA:161,1
DA:162,1
DA:163,1
DA:167,1
DA:169,1
DA:172,1
DA:179,1
DA:180,1
DA:181,1
DA:185,1
DA:187,1
DA:190,1
DA:199,1
DA:200,1
DA:201,1
DA:205,1
DA:220,1
DA:222,1
DA:223,1
DA:225,1
DA:226,0
DA:227,0
DA:229,1
DA:230,0
DA:231,0
DA:233,1
DA:234,0
DA:235,0
DA:237,1
DA:240,1
DA:243,1
DA:255,1
DA:256,1
DA:257,1
DA:258,1
DA:259,1
DA:263,1
DA:265,2
DA:267,2
DA:268,2
DA:271,2
DA:272,0
DA:273,0
DA:275,22
DA:276,20
DA:277,0
DA:278,0
DA:280,20
DA:281,0
DA:282,0
DA:284,20
DA:285,0
DA:286,0
DA:289,2
DA:292,1
DA:296,1
DA:377,1
DA:378,1
DA:379,1
DA:380,1
DA:381,1
DA:382,1
DA:383,1
DA:384,1
DA:385,1
DA:386,1
DA:387,1
DA:388,1
DA:389,1
DA:390,1
DA:391,1
DA:392,1
DA:393,1
DA:394,1
DA:395,1
DA:396,1
DA:397,1
DA:398,1
DA:399,1
DA:400,1
DA:401,1
DA:402,1
DA:403,1
DA:404,1
DA:405,1
DA:406,1
DA:407,1
DA:408,1
DA:409,1
DA:410,1
DA:414,1
DA:416,1
DA:420,1
DA:554,1
DA:555,1
DA:556,1
DA:557,1
DA:558,1
DA:559,1
DA:560,1
DA:561,1
DA:562,1
DA:563,1
DA:564,1
DA:565,1
DA:566,1
DA:567,1
DA:568,1
DA:569,1
DA:570,1
DA:571,1
DA:572,1
DA:573,1
DA:574,1
DA:575,1
DA:576,1
DA:577,1
DA:578,1
DA:579,1
DA:580,1
DA:581,1
DA:582,1
DA:583,1
DA:584,1
DA:585,1
DA:586,1
DA:587,1
DA:591,1
DA:593,1
DA:597,1
DA:599,1
DA:600,0
DA:603,1
DA:604,1
DA:605,0
DA:606,0
DA:609,1
DA:610,1
DA:611,0
DA:613,0
DA:616,1
DA:617,1
DA:619,1
DA:620,1
DA:621,1
DA:622,1
DA:623,1
DA:624,1
DA:626,1
DA:627,1
DA:629,1
end_of_record
TN:
SF:/home/liyuan/tmp/libsmb2/tests/prog_cat.c
FN:46,usage
FNDA:0,usage
FN:55,dc_cb
FNDA:14,dc_cb
FN:61,cl_cb
FNDA:16,cl_cb
FN:67,pr_cb
FNDA:45,pr_cb
FN:97,of_cb
FNDA:28,of_cb
FN:116,cf_cb
FNDA:44,cf_cb
FN:134,main
FNDA:44,main
DA:46,0
DA:48,0
DA:52,0
DA:55,14
DA:58,14
DA:59,14
DA:61,16
DA:64,16
DA:65,16
DA:67,45
DA:70,45
DA:72,45
DA:73,9
DA:75,9
DA:76,9
DA:79,36
DA:80,16
DA:81,0
DA:82,0
DA:84,16
DA:87,20
DA:89,20
DA:90,20
DA:91,0
DA:92,0
DA:93,0
DA:97,28
DA:100,28
DA:102,28
DA:103,3
DA:105,3
DA:106,3
DA:109,25
DA:110,0
DA:111,0
DA:112,0
DA:116,44
DA:119,44
DA:120,16
DA:122,16
DA:123,16
DA:126,28
DA:128,0
DA:129,0
DA:130,0
DA:134,44
DA:139,44
DA:141,44
DA:142,0
DA:145,44
DA:146,44
DA:147,0
DA:148,0
DA:151,44
DA:152,44
DA:153,0
DA:155,0
DA:158,44
DA:159,44
DA:160,44
DA:161,0
DA:162,0
DA:165,184
DA:166,184
DA:167,184
DA:169,184
DA:170,0
DA:171,0
DA:173,184
DA:174,0
DA:176,184
DA:177,44
DA:179,44
DA:183,0
DA:184,44
DA:185,44
DA:187,44
end_of_record
TN:
SF:/home/liyuan/tmp/libsmb2/lib/smb2-data-filesystem-info.c
FN:57,smb2_decode_file_fs_volume_info
FNDA:0,smb2_decode_file_fs_volume_info
FN:85,smb2_encode_file_fs_volume_info
FNDA:0,smb2_encode_file_fs_volume_info
FN:108,smb2_decode_file_fs_size_info
FNDA:0,smb2_decode_file_fs_size_info
FN:126,smb2_encode_file_fs_size_info
FNDA:0,smb2_encode_file_fs_size_info
FN:143,smb2_decode_file_fs_device_info
FNDA:0,smb2_decode_file_fs_device_info
FN:159,smb2_encode_file_fs_device_info
FNDA:0,smb2_encode_file_fs_device_info
FN:173,smb2_decode_file_fs_attribute_info
FNDA:0,smb2_decode_file_fs_attribute_info
FN:207,smb2_encode_file_fs_attribute_info
FNDA:0,smb2_encode_file_fs_attribute_info
FN:230,smb2_decode_file_fs_control_info
FNDA:0,smb2_decode_file_fs_control_info
FN:250,smb2_encode_file_fs_control_info
FNDA:0,smb2_encode_file_fs_control_info
FN:269,smb2_decode_file_fs_full_size_info
FNDA:0,smb2_decode_file_fs_full_size_info
FN:288,smb2_encode_file_fs_full_size_info
FNDA:0,smb2_encode_file_fs_full_size_info
FN:306,smb2_decode_file_fs_object_id_info
FNDA:0,smb2_decode_file_fs_object_id_info
FN:323,smb2_encode_file_fs_object_id_info
FNDA:0,smb2_encode_file_fs_object_id_info
FN:339,smb2_decode_file_fs_sector_size_info
FNDA:0,smb2_decode_file_fs_sector_size_info
FN:363,smb2_encode_file_fs_sector_size_info
FNDA:0,smb2_encode_file_fs_sector_size_info
DA:57,0
DA:65,0
DA:66,0
DA:67,0
DA:68,0
DA:69,0
DA:70,0
DA:71,0
DA:72,0
DA:73,0
DA:74,0
DA:75,0
DA:76,0
DA:78,0
DA:79,0
DA:81,0
DA:85,0
DA:93,0
DA:94,0
DA:95,0
DA:96,0
DA:97,0
DA:98,0
DA:99,0
DA:100,0
DA:101,0
DA:102,0
DA:104,0
DA:108,0
DA:113,0
DA:114,0
DA:117,0
DA:118,0
DA:119,0
DA:120,0
DA:122,0
DA:126,0
DA:130,0
DA:131,0
DA:134,0
DA:135,0
DA:136,0
DA:137,0
DA:139,0
DA:143,0
DA:148,0
DA:149,0
DA:152,0
DA:153,0
DA:155,0
DA:159,0
DA:163,0
DA:164,0
DA:167,0
DA:168,0
DA:169,0
DA:173,0
DA:181,0
DA:182,0
DA:185,0
DA:186,0
DA:187,0
DA:189,0
DA:190,0
DA:191,0
DA:193,0
DA:195,0
DA:196,0
DA:197,0
DA:198,0
DA:200,0
DA:201,0
DA:203,0
DA:207,0
DA:214,0
DA:215,0
DA:218,0
DA:219,0
DA:221,0
DA:222,0
DA:223,0
DA:224,0
DA:225,0
DA:226,0
DA:230,0
DA:235,0
DA:236,0
DA:239,0
DA:240,0
DA:241,0
DA:242,0
DA:243,0
DA:244,0
DA:246,0
DA:250,0
DA:254,0
DA:255,0
DA:258,0
DA:259,0
DA:260,0
DA:261,0
DA:262,0
DA:263,0
DA:265,0
DA:269,0
DA:274,0
DA:275,0
DA:278,0
DA:279,0
DA:280,0
DA:281,0
DA:282,0
DA:284,0
DA:288,0
DA:292,0
DA:293,0
DA:296,0
DA:297,0
DA:298,0
DA:299,0
DA:300,0
DA:302,0
DA:306,0
DA:311,0
DA:312,0
DA:315,0
DA:316,0
DA:319,0
DA:323,0
DA:327,0
DA:328,0
DA:331,0
DA:332,0
DA:335,0
DA:339,0
DA:344,0
DA:345,0
DA:348,0
DA:349,0
DA:351,0
DA:353,0
DA:355,0
DA:356,0
DA:357,0
DA:359,0
DA:363,0
DA:367,0
DA:368,0
DA:371,0
DA:372,0
DA:374,0
DA:376,0
DA:378,0
DA:379,0
DA:380,0
DA:382,0
end_of_record
TN:
SF:/home/liyuan/tmp/libsmb2/lib/smb2-cmd-oplock-break.c
FN:57,smb2_encode_oplock_break_acknowledgement
FNDA:0,smb2_encode_oplock_break_acknowledgement
FN:86,smb2_cmd_oplock_break_async
FNDA:0,smb2_cmd_oplock_break_async
FN:111,smb2_encode_oplock_break_reply
FNDA:0,smb2_encode_oplock_break_reply
FN:141,smb2_cmd_oplock_break_reply_async
FNDA:0,smb2_cmd_oplock_break_reply_async
FN:166,smb2_encode_oplock_break_notification
FNDA:0,smb2_encode_oplock_break_notification
FN:196,smb2_cmd_oplock_break_notification_async
FNDA:0,smb2_cmd_oplock_break_notification_async
FN:221,smb2_encode_lease_break_acknowledgement
FNDA:0,smb2_encode_lease_break_acknowledgement
FN:252,smb2_cmd_lease_break_async
FNDA:0,smb2_cmd_lease_break_async
FN:277,smb2_encode_lease_break_reply
FNDA:0,smb2_encode_lease_break_reply
FN:309,smb2_cmd_lease_break_reply_async
FNDA:0,smb2_cmd_lease_break_reply_async
FN:334,smb2_encode_lease_break_notification
FNDA:0,smb2_encode_lease_break_notification
FN:369,smb2_cmd_lease_break_notification_async
FNDA:0,smb2_cmd_lease_break_notification_async
FN:394,smb2_process_oplock_break_fixed
FNDA:0,smb2_process_oplock_break_fixed
FN:438,smb2_process_oplock_break_variable
FNDA:0,smb2_process_oplock_break_variable
FN:480,smb2_process_oplock_break_request_fixed
FNDA:0,smb2_process_oplock_break_request_fixed
FN:519,smb2_process_oplock_break_request_variable
FNDA:0,smb2_process_oplock_break_request_variable
DA:57,0
DA:65,0
DA:66,0
DA:67,0
DA:68,0
DA:69,0
DA:72,0
DA:73,0
DA:74,0
DA:75,0
DA:78,0
DA:79,0
DA:80,0
DA:82,0
DA:86,0
DA:92,0
DA:93,0
DA:94,0
DA:97,0
DA:98,0
DA:99,0
DA:102,0
DA:103,0
DA:104,0
DA:107,0
DA:111,0
DA:120,0
DA:121,0
DA:122,0
DA:123,0
DA:124,0
DA:127,0
DA:128,0
DA:129,0
DA:130,0
DA:133,0
DA:134,0
DA:135,0
DA:137,0
DA:141,0
DA:147,0
DA:148,0
DA:149,0
DA:152,0
DA:153,0
DA:154,0
DA:157,0
DA:158,0
DA:159,0
DA:162,0
DA:166,0
DA:175,0
DA:176,0
DA:177,0
DA:178,0
DA:179,0
DA:182,0
DA:183,0
DA:184,0
DA:185,0
DA:188,0
DA:189,0
DA:190,0
DA:192,0
DA:196,0
DA:202,0
DA:203,0
DA:204,0
DA:207,0
DA:208,0
DA:209,0
DA:212,0
DA:213,0
DA:214,0
DA:217,0
DA:221,0
DA:229,0
DA:230,0
DA:231,0
DA:232,0
DA:233,0
DA:236,0
DA:237,0
DA:238,0
DA:239,0
DA:242,0
DA:243,0
DA:244,0
DA:245,0
DA:246,0
DA:248,0
DA:252,0
DA:258,0
DA:259,0
DA:260,0
DA:263,0
DA:264,0
DA:265,0
DA:268,0
DA:269,0
DA:270,0
DA:273,0
DA:277,0
DA:285,0
DA:286,0
DA:287,0
DA:288,0
DA:290,0
DA:293,0
DA:294,0
DA:295,0
DA:296,0
DA:299,0
DA:300,0
DA:301,0
DA:302,0
DA:303,0
DA:305,0
DA:309,0
DA:315,0
DA:316,0
DA:317,0
DA:320,0
DA:321,0
DA:322,0
DA:325,0
DA:326,0
DA:327,0
DA:330,0
DA:334,0
DA:342,0
DA:343,0
DA:344,0
DA:345,0
DA:346,0
DA:349,0
DA:350,0
DA:351,0
DA:352,0
DA:355,0
DA:356,0
DA:357,0
DA:358,0
DA:359,0
DA:360,0
DA:361,0
DA:362,0
DA:363,0
DA:365,0
DA:369,0
DA:375,0
DA:376,0
DA:377,0
DA:380,0
DA:381,0
DA:382,0
DA:385,0
DA:386,0
DA:387,0
DA:390,0
DA:394,0
DA:397,0
DA:398,0
DA:401,0
DA:403,0
DA:404,0
DA:405,0
DA:407,0
DA:409,0
DA:410,0
DA:412,0
DA:414,0
DA:416,0
DA:417,0
DA:419,0
DA:420,0
DA:423,0
DA:429,0
DA:430,0
DA:431,0
DA:438,0
DA:441,0
DA:442,0
DA:445,0
DA:447,0
DA:448,0
DA:450,0
DA:452,0
DA:453,0
DA:455,0
DA:456,0
DA:457,0
DA:458,0
DA:459,0
DA:460,0
DA:461,0
DA:462,0
DA:463,0
DA:464,0
DA:466,0
DA:467,0
DA:468,0
DA:469,0
DA:470,0
DA:471,0
DA:474,0
DA:476,0
DA:480,0
DA:484,0
DA:487,0
DA:489,0
DA:490,0
DA:491,0
DA:493,0
DA:495,0
DA:496,0
DA:498,0
DA:499,0
DA:501,0
DA:502,0
DA:505,0
DA:511,0
DA:512,0
DA:513,0
DA:519,0
DA:522,0
DA:523,0
DA:526,0
DA:527,0
DA:528,0
DA:529,0
DA:531,0
DA:532,0
DA:533,0
DA:534,0
DA:535,0
DA:536,0
DA:539,0
DA:541,0
end_of_record
TN:
SF:/home/liyuan/tmp/libsmb2/lib/smb2-cmd-error.c
FN:59,smb2_encode_error_reply
FNDA:0,smb2_encode_error_reply
FN:89,smb2_cmd_error_reply_async
FNDA:0,smb2_cmd_error_reply_async
FN:116,smb2_process_error_fixed
FNDA:35,smb2_process_error_fixed
FN:147,smb2_process_error_variable
FNDA:0,smb2_process_error_variable
DA:59,0
DA:67,0
DA:68,0
DA:69,0
DA:70,0
DA:71,0
DA:74,0
DA:75,0
DA:76,0
DA:77,0
DA:80,0
DA:81,0
DA:82,0
DA:85,0
DA:89,0
DA:97,0
DA:98,0
DA:99,0
DA:102,0
DA:104,0
DA:105,0
DA:106,0
DA:108,0
DA:109,0
DA:110,0
DA:112,0
DA:116,35
DA:120,35
DA:123,35
DA:124,35
DA:125,35
DA:126,0
DA:129,0
DA:130,0
DA:133,35
DA:134,35
DA:135,0
DA:136,0
DA:138,35
DA:140,35
DA:141,35
DA:143,35
DA:147,0
DA:150,0
DA:151,0
DA:153,0
DA:155,0
end_of_record
TN:
SF:/home/liyuan/tmp/libsmb2/lib/smb2-cmd-tree-connect.c
FN:59,smb2_encode_tree_connect_request
FNDA:133,smb2_encode_tree_connect_request
FN:108,smb2_cmd_tree_connect_async
FNDA:133,smb2_cmd_tree_connect_async
FN:133,smb2_encode_tree_connect_reply
FNDA:0,smb2_encode_tree_connect_reply
FN:165,smb2_cmd_tree_connect_reply_async
FNDA:0,smb2_cmd_tree_connect_reply_async
FN:199,smb2_process_tree_connect_fixed
FNDA:117,smb2_process_tree_connect_fixed
FN:237,smb2_process_tree_connect_request_fixed
FNDA:0,smb2_process_tree_connect_request_fixed
FN:269,smb2_process_tree_connect_request_variable
FNDA:0,smb2_process_tree_connect_request_variable
DA:59,133
DA:67,133
DA:68,133
DA:69,133
DA:70,0
DA:72,0
DA:75,133
DA:76,133
DA:77,0
DA:78,0
DA:81,133
DA:82,133
DA:84,133
DA:85,133
DA:89,133
DA:90,133
DA:91,0
DA:92,0
DA:94,133
DA:95,133
DA:97,133
DA:99,133
DA:100,0
DA:101,0
DA:104,133
DA:108,133
DA:114,133
DA:115,133
DA:116,0
DA:119,133
DA:120,0
DA:121,0
DA:124,133
DA:125,0
DA:126,0
DA:129,133
DA:133,0
DA:141,0
DA:142,0
DA:143,0
DA:144,0
DA:146,0
DA:149,0
DA:150,0
DA:151,0
DA:152,0
DA:155,0
DA:156,0
DA:157,0
DA:158,0
DA:159,0
DA:160,0
DA:162,0
DA:165,0
DA:173,0
DA:174,0
DA:175,0
DA:178,0
DA:180,0
DA:182,0
DA:183,0
DA:185,0
DA:186,0
DA:187,0
DA:190,0
DA:191,0
DA:192,0
DA:195,0
DA:199,117
DA:203,117
DA:206,117
DA:207,117
DA:208,117
DA:209,0
DA:212,0
DA:213,0
DA:216,117
DA:217,117
DA:218,0
DA:219,0
DA:221,117
DA:223,117
DA:225,117
DA:226,117
DA:227,117
DA:228,117
DA:230,117
DA:231,117
DA:233,117
DA:237,0
DA:241,0
DA:244,0
DA:245,0
DA:246,0
DA:247,0
DA:250,0
DA:251,0
DA:254,0
DA:255,0
DA:256,0
DA:257,0
DA:259,0
DA:261,0
DA:262,0
DA:263,0
DA:265,0
DA:269,0
DA:272,0
DA:273,0
DA:275,0
DA:276,0
end_of_record
TN:
SF:/home/liyuan/tmp/libsmb2/lib/smb2-data-security-descriptor.c
FN:60,decode_sid
FNDA:0,decode_sid
FN:107,decode_ace
FNDA:0,decode_ace
FN:222,decode_acl
FNDA:0,decode_acl
FN:293,smb2_decode_security_descriptor
FNDA:0,smb2_decode_security_descriptor
DA:60,0
DA:66,0
DA:67,0
DA:68,0
DA:71,0
DA:72,0
DA:73,0
DA:75,0
DA:77,0
DA:79,0
DA:80,0
DA:81,0
DA:84,0
DA:85,0
DA:87,0
DA:88,0
DA:89,0
DA:92,0
DA:93,0
DA:94,0
DA:95,0
DA:96,0
DA:100,0
DA:101,0
DA:103,0
DA:107,0
DA:109,0
DA:114,0
DA:115,0
DA:116,0
DA:119,0
DA:120,0
DA:121,0
DA:123,0
DA:124,0
DA:125,0
DA:126,0
DA:129,0
DA:130,0
DA:131,0
DA:134,0
DA:135,0
DA:136,0
DA:138,0
DA:139,0
DA:140,0
DA:142,0
DA:143,0
DA:147,0
DA:148,0
DA:153,0
DA:155,0
DA:156,0
DA:157,0
DA:159,0
DA:160,0
DA:161,0
DA:162,0
DA:163,0
DA:166,0
DA:167,0
DA:168,0
DA:170,0
DA:172,0
DA:173,0
DA:174,0
DA:176,0
DA:177,0
DA:178,0
DA:180,0
DA:181,0
DA:182,0
DA:185,0
DA:186,0
DA:187,0
DA:188,0
DA:189,0
DA:192,0
DA:194,0
DA:195,0
DA:196,0
DA:198,0
DA:199,0
DA:200,0
DA:202,0
DA:203,0
DA:204,0
DA:205,0
DA:207,0
DA:208,0
DA:209,0
DA:210,0
DA:211,0
DA:212,0
DA:213,0
DA:215,0
DA:218,0
DA:222,0
DA:224,0
DA:230,0
DA:231,0
DA:232,0
DA:235,0
DA:236,0
DA:237,0
DA:239,0
DA:240,0
DA:242,0
DA:243,0
DA:244,0
DA:246,0
DA:248,0
DA:249,0
DA:251,0
DA:252,0
DA:253,0
DA:256,0
DA:257,0
DA:258,0
DA:259,0
DA:262,0
DA:263,0
DA:266,0
DA:267,0
DA:269,0
DA:270,0
DA:272,0
DA:273,0
DA:275,0
DA:278,0
DA:279,0
DA:281,0
DA:283,0
DA:284,0
DA:286,0
DA:289,0
DA:293,0
DA:301,0
DA:302,0
DA:305,0
DA:306,0
DA:308,0
DA:309,0
DA:310,0
DA:311,0
DA:312,0
DA:314,0
DA:316,0
DA:317,0
DA:318,0
DA:319,0
DA:322,0
DA:323,0
DA:324,0
DA:326,0
DA:327,0
DA:328,0
DA:330,0
DA:335,0
DA:336,0
DA:337,0
DA:339,0
DA:340,0
DA:341,0
DA:343,0
DA:348,0
DA:349,0
DA:350,0
DA:352,0
DA:353,0
DA:354,0
DA:356,0
DA:360,0
end_of_record
TN:
SF:/usr/include/x86_64-linux-gnu/bits/byteswap.h
FN:49,__bswap_32
FNDA:738,__bswap_32
DA:49,738
DA:52,738
end_of_record
SF:/home/liyuan/tmp/libsmb2/lib/libsmb2.c
FN:173,smb2_close_context
FNDA:64,smb2_close_context
FN:206,free_smb2dir
FNDA:25,free_smb2dir
FN:223,smb2_seekdir
FNDA:0,smb2_seekdir
FN:239,smb2_telldir
FNDA:0,smb2_telldir
FN:248,smb2_rewinddir
FNDA:0,smb2_rewinddir
FN:259,smb2_readdir
FNDA:26,smb2_readdir
FN:275,smb2_closedir
FNDA:6,smb2_closedir
FN:284,decode_dirents
FNDA:15,decode_dirents
FN:342,od_close_cb
FNDA:11,od_close_cb
FN:362,query_cb
FNDA:35,query_cb
FN:429,opendir_cb
FNDA:22,opendir_cb
FN:465,_smb2_opendir_async
FNDA:25,_smb2_opendir_async
FN:514,smb2_opendir_async_pdu
FNDA:25,smb2_opendir_async_pdu
FN:524,smb2_opendir_async
FNDA:0,smb2_opendir_async
FN:534,free_c_data
FNDA:181,free_c_data
FN:559,tree_connect_cb
FNDA:133,tree_connect_cb
FN:578,smb2_derive_key
FNDA:369,smb2_derive_key
FN:609,smb3_init_preauth_hash
FNDA:181,smb3_init_preauth_hash
FN:616,smb3_update_preauth_hash
FNDA:825,smb3_update_preauth_hash
FN:632,smb2_create_signing_key
FNDA:123,smb2_create_signing_key
FN:691,session_setup_cb
FNDA:314,session_setup_cb
FN:826,send_session_setup_request
FNDA:314,send_session_setup_request
FN:873,negotiate_cb
FNDA:181,negotiate_cb
FN:997,connect_cb
FNDA:181,connect_cb
FN:1066,smb2_connect_share_async
FNDA:181,smb2_connect_share_async
FN:1161,free_smb2fh
FNDA:70,free_smb2fh
FN:1171,smb2_free_all_dirs
FNDA:182,smb2_free_all_dirs
FN:1179,smb2_free_all_filehandles
FNDA:182,smb2_free_all_filehandles
FN:1187,open_cb
FNDA:63,open_cb
FN:1209,_smb2_open_async_with_oplock_or_lease
FNDA:70,_smb2_open_async_with_oplock_or_lease
FN:1331,smb2_open_async_pdu
FNDA:41,smb2_open_async_pdu
FN:1340,smb2_open_async_with_oplock_or_lease
FNDA:0,smb2_open_async_with_oplock_or_lease
FN:1354,smb2_open_async
FNDA:29,smb2_open_async
FN:1366,close_cb
FNDA:47,close_cb
FN:1384,smb2_close_async
FNDA:47,smb2_close_async
FN:1416,fsync_cb
FNDA:0,fsync_cb
FN:1432,smb2_fsync_async
FNDA:0,smb2_fsync_async
FN:1470,read_cb
FNDA:60,read_cb
FN:1493,smb2_pread_async
FNDA:60,smb2_pread_async
FN:1565,smb2_read_async
FNDA:0,smb2_read_async
FN:1589,write_cb
FNDA:16,write_cb
FN:1612,smb2_pwrite_async
FNDA:16,smb2_pwrite_async
FN:1682,smb2_write_async
FNDA:0,smb2_write_async
FN:1698,smb2_lseek
FNDA:0,smb2_lseek
FN:1757,create_cb_2
FNDA:14,create_cb_2
FN:1771,create_cb_1
FNDA:14,create_cb_1
FN:1781,smb2_unlink_internal
FNDA:10,smb2_unlink_internal
FN:1844,smb2_unlink_async
FNDA:0,smb2_unlink_async
FN:1851,smb2_rmdir_async
FNDA:10,smb2_rmdir_async
FN:1858,smb2_mkdir_async
FNDA:4,smb2_mkdir_async
FN:1924,fstat_cb_1
FNDA:14,fstat_cb_1
FN:1969,smb2_fstat_async
FNDA:14,smb2_fstat_async
FN:2015,getinfo_cb_3
FNDA:20000,getinfo_cb_3
FN:2030,getinfo_cb_2
FNDA:20000,getinfo_cb_2
FN:2087,getinfo_cb_1
FNDA:20000,getinfo_cb_1
FN:2098,smb2_getinfo_async
FNDA:20000,smb2_getinfo_async
FN:2182,smb2_stat_async
FNDA:20000,smb2_stat_async
FN:2193,smb2_statvfs_async
FNDA:0,smb2_statvfs_async
FN:2212,trunc_cb_3
FNDA:0,trunc_cb_3
FN:2227,trunc_cb_2
FNDA:0,trunc_cb_2
FN:2238,trunc_cb_1
FNDA:0,trunc_cb_1
FN:2249,smb2_truncate_async
FNDA:0,smb2_truncate_async
FN:2338,free_rename_data
FNDA:0,free_rename_data
FN:2345,rename_cb_3
FNDA:0,rename_cb_3
FN:2360,rename_cb_2
FNDA:0,rename_cb_2
FN:2371,rename_cb_1
FNDA:0,rename_cb_1
FN:2382,smb2_rename_async
FNDA:0,smb2_rename_async
FN:2477,ftrunc_cb_1
FNDA:0,ftrunc_cb_1
FN:2488,smb2_ftruncate_async
FNDA:0,smb2_ftruncate_async
FN:2541,readlink_cb_3
FNDA:0,readlink_cb_3
FN:2561,readlink_cb_2
FNDA:0,readlink_cb_2
FN:2579,readlink_cb_1
FNDA:0,readlink_cb_1
FN:2591,smb2_readlink_async
FNDA:0,smb2_readlink_async
FN:2674,disconnect_cb_2
FNDA:12,disconnect_cb_2
FN:2689,disconnect_cb_1
FNDA:50,disconnect_cb_1
FN:2711,smb2_disconnect_share_async
FNDA:52,smb2_disconnect_share_async
FN:2751,echo_cb
FNDA:0,echo_cb
FN:2762,smb2_echo_async
FNDA:0,smb2_echo_async
FN:2792,smb2_get_max_read_size
FNDA:0,smb2_get_max_read_size
FN:2798,smb2_get_max_write_size
FNDA:0,smb2_get_max_write_size
FN:2804,smb2_get_file_id
FNDA:0,smb2_get_file_id
FN:2810,smb2_fh_from_file_id
FNDA:0,smb2_fh_from_file_id
FN:2825,smb2_fd_event_callbacks
FNDA:0,smb2_fd_event_callbacks
FN:2834,smb2_oplock_break_notify
FNDA:0,smb2_oplock_break_notify
FN:2885,smb2_decode_filenotifychangeinformation
FNDA:0,smb2_decode_filenotifychangeinformation
FN:2911,free_smb2_file_notify_change_information
FNDA:0,free_smb2_file_notify_change_information
FN:2935,notify_change_cb
FNDA:0,notify_change_cb
FN:2973,smb2_notify_change_filehandle_async
FNDA:0,smb2_notify_change_filehandle_async
FN:3014,smb2_notify_change_async
FNDA:0,smb2_notify_change_async
FN:3033,smb2_logoff_request_cb
FNDA:0,smb2_logoff_request_cb
FN:3057,smb2_tree_connect_request_cb
FNDA:0,smb2_tree_connect_request_cb
FN:3084,smb2_tree_disconnect_request_cb
FNDA:0,smb2_tree_disconnect_request_cb
FN:3111,smb2_create_request_cb
FNDA:0,smb2_create_request_cb
FN:3141,smb2_close_request_cb
FNDA:0,smb2_close_request_cb
FN:3168,smb2_flush_request_cb
FNDA:0,smb2_flush_request_cb
FN:3193,smb2_read_request_cb
FNDA:0,smb2_read_request_cb
FN:3220,smb2_write_request_cb
FNDA:0,smb2_write_request_cb
FN:3247,smb2_oplock_break_request_cb
FNDA:0,smb2_oplock_break_request_cb
FN:3291,smb2_lock_request_cb
FNDA:0,smb2_lock_request_cb
FN:3316,smb2_ioctl_request_cb
FNDA:0,smb2_ioctl_request_cb
FN:3363,smb2_cancel_request_cb
FNDA:0,smb2_cancel_request_cb
FN:3384,smb2_echo_request_cb
FNDA:0,smb2_echo_request_cb
FN:3408,smb2_query_directory_request_cb
FNDA:0,smb2_query_directory_request_cb
FN:3449,smb2_change_notify_request_cb
FNDA:0,smb2_change_notify_request_cb
FN:3477,smb2_query_info_request_cb
FNDA:0,smb2_query_info_request_cb
FN:3515,smb2_set_info_request_cb
FNDA:0,smb2_set_info_request_cb
FN:3544,smb2_general_client_request_cb
FNDA:0,smb2_general_client_request_cb
FN:3639,smb2_session_setup_request_cb
FNDA:0,smb2_session_setup_request_cb
FN:3864,smb2_negotiate_request_cb
FNDA:0,smb2_negotiate_request_cb
FN:4086,accept_cb
FNDA:0,accept_cb
FN:4112,smb2_serve_port_async
FNDA:0,smb2_serve_port_async
FN:4120,smb2_serve_port
FNDA:0,smb2_serve_port
DA:173,64
DA:175,64
DA:176,0
DA:179,64
DA:180,0
DA:181,0
DA:183,0
DA:184,0
DA:187,64
DA:188,64
DA:189,64
DA:190,64
DA:191,64
DA:192,64
DA:193,64
DA:194,16
DA:195,16
DA:197,64
DA:206,25
DA:208,25
DA:209,81
DA:210,56
DA:212,56
DA:213,56
DA:214,56
DA:216,25
DA:217,6
DA:219,25
DA:220,25
DA:223,0
DA:226,0
DA:227,0
DA:229,0
DA:230,0
DA:232,0
DA:233,0
DA:234,0
DA:239,0
DA:241,0
DA:242,0
DA:244,0
DA:248,0
DA:251,0
DA:252,0
DA:254,0
DA:255,0
DA:259,26
DA:263,26
DA:264,6
DA:267,20
DA:268,20
DA:269,20
DA:271,20
DA:275,6
DA:277,6
DA:278,0
DA:280,6
DA:284,15
DA:289,15
DA:295,56
DA:296,0
DA:297,0
DA:300,56
DA:301,56
DA:302,0
DA:304,0
DA:306,56
DA:309,56
DA:310,56
DA:312,56
DA:315,56
DA:316,56
DA:317,56
DA:318,30
DA:320,56
DA:321,0
DA:323,56
DA:324,56
DA:325,56
DA:326,56
DA:327,56
DA:328,56
DA:329,56
DA:330,56
DA:331,56
DA:332,56
DA:333,56
DA:335,56
DA:336,56
DA:338,15
DA:342,11
DA:345,11
DA:347,11
DA:348,4
DA:350,4
DA:351,4
DA:354,7
DA:355,7
DA:358,7
DA:362,35
DA:365,35
DA:366,35
DA:368,35
DA:373,15
DA:374,15
DA:376,15
DA:377,0
DA:378,0
DA:379,0
DA:383,15
DA:384,15
DA:385,15
DA:386,15
DA:387,15
DA:388,15
DA:390,15
DA:391,15
DA:392,0
DA:393,0
DA:394,0
DA:396,15
DA:398,15
DA:401,20
DA:406,11
DA:407,11
DA:408,11
DA:410,11
DA:411,11
DA:412,0
DA:413,0
DA:414,0
DA:416,11
DA:418,11
DA:421,9
DA:424,9
DA:425,9
DA:429,22
DA:432,22
DA:433,22
DA:437,22
DA:438,2
DA:440,2
DA:441,2
DA:442,2
DA:445,20
DA:447,20
DA:448,20
DA:449,20
DA:450,20
DA:451,20
DA:452,20
DA:454,20
DA:455,20
DA:456,0
DA:457,0
DA:458,0
DA:459,0
DA:461,20
DA:465,25
DA:473,25
DA:474,0
DA:477,25
DA:478,1
DA:481,25
DA:482,25
DA:483,0
DA:484,0
DA:486,25
DA:487,25
DA:489,25
DA:490,25
DA:491,25
DA:492,25
DA:493,25
DA:494,25
DA:495,25
DA:496,25
DA:497,25
DA:499,25
DA:500,25
DA:501,0
DA:502,0
DA:503,0
DA:505,25
DA:506,25
DA:507,25
DA:508,25
DA:510,25
DA:514,25
DA:519,25
DA:520,25
DA:524,0
DA:529,0
DA:530,0
DA:534,181
DA:536,181
DA:537,165
DA:538,165
DA:547,181
DA:548,181
DA:550,181
DA:551,181
DA:552,181
DA:553,181
DA:554,181
DA:555,181
DA:556,181
DA:559,133
DA:562,133
DA:564,133
DA:565,16
DA:566,16
DA:569,16
DA:570,16
DA:571,16
DA:574,117
DA:575,117
DA:578,369
DA:588,369
DA:589,369
DA:590,369
DA:591,369
DA:595,369
DA:597,369
DA:598,369
DA:599,369
DA:600,369
DA:601,369
DA:602,369
DA:603,369
DA:604,369
DA:605,369
DA:609,181
DA:611,181
DA:612,181
DA:616,825
DA:622,825
DA:623,825
DA:624,3586
DA:625,2761
DA:627,825
DA:629,825
DA:632,123
DA:637,123
DA:638,123
DA:640,0
DA:641,0
DA:642,0
DA:643,123
DA:644,0
DA:645,0
DA:650,0
DA:651,0
DA:652,0
DA:657,0
DA:658,0
DA:659,0
DA:664,0
DA:665,123
DA:666,123
DA:667,123
DA:670,123
DA:672,123
DA:673,123
DA:674,123
DA:677,123
DA:679,123
DA:680,123
DA:681,123
DA:684,123
DA:686,123
DA:688,123
DA:691,314
DA:694,314
DA:695,314
DA:700,314
DA:701,149
DA:702,149
DA:703,149
DA:704,149
DA:705,149
DA:706,0
DA:707,0
DA:708,0
DA:709,181
DA:711,149
DA:712,165
DA:713,32
DA:714,32
DA:716,32
DA:718,32
DA:719,32
DA:722,133
DA:723,0
DA:724,0
DA:745,133
DA:746,123
DA:747,123
DA:749,123
DA:750,123
DA:753,0
DA:764,123
DA:765,0
DA:767,123
DA:768,0
DA:769,0
DA:772,0
DA:773,0
DA:774,0
DA:777,123
DA:779,123
DA:782,123
DA:783,123
DA:785,123
DA:786,0
DA:787,0
DA:788,0
DA:790,123
DA:791,0
DA:793,0
DA:794,0
DA:795,0
DA:800,133
DA:801,133
DA:802,133
DA:803,133
DA:805,133
DA:806,133
DA:807,133
DA:808,0
DA:809,0
DA:810,0
DA:811,0
DA:813,133
DA:819,0
DA:820,0
DA:826,314
DA:834,314
DA:835,314
DA:837,314
DA:838,314
DA:842,0
DA:843,0
DA:860,314
DA:862,314
DA:863,0
DA:864,0
DA:866,314
DA:867,314
DA:869,314
DA:873,181
DA:876,181
DA:877,181
DA:881,181
DA:883,181
DA:884,16
DA:885,16
DA:889,16
DA:891,16
DA:892,16
DA:896,165
DA:897,155
DA:898,155
DA:902,165
DA:903,165
DA:904,165
DA:905,165
DA:906,165
DA:908,165
DA:909,0
DA:910,0
DA:911,0
DA:913,0
DA:914,0
DA:915,0
DA:916,0
DA:920,165
DA:921,0
DA:922,0
DA:924,0
DA:925,0
DA:926,0
DA:927,0
DA:930,165
DA:931,0
DA:934,165
DA:935,0
DA:941,165
DA:942,165
DA:943,165
DA:944,165
DA:945,165
DA:952,165
DA:953,165
DA:954,165
DA:957,165
DA:961,0
DA:965,165
DA:966,165
DA:970,165
DA:981,165
DA:982,0
DA:983,0
DA:984,0
DA:985,0
DA:988,165
DA:989,0
DA:990,0
DA:991,0
DA:992,0
DA:997,181
DA:1000,181
DA:1004,181
DA:1005,0
DA:1007,0
DA:1008,0
DA:1009,0
DA:1012,181
DA:1013,181
DA:1014,181
DA:1015,10
DA:1016,10
DA:1017,10
DA:1018,10
DA:1019,171
DA:1021,181
DA:1022,181
DA:1023,171
DA:1024,171
DA:1025,171
DA:1026,171
DA:1027,171
DA:1028,171
DA:1029,171
DA:1030,171
DA:1031,0
DA:1032,0
DA:1033,0
DA:1034,0
DA:1035,0
DA:1036,0
DA:1037,0
DA:1038,0
DA:1039,0
DA:1040,0
DA:1041,0
DA:1042,10
DA:1047,10
DA:1048,10
DA:1049,10
DA:1052,181
DA:1054,181
DA:1055,181
DA:1056,181
DA:1057,0
DA:1058,0
DA:1059,0
DA:1061,181
DA:1062,181
DA:1066,181
DA:1074,181
DA:1075,0
DA:1078,181
DA:1079,0
DA:1080,0
DA:1082,181
DA:1083,0
DA:1084,0
DA:1086,181
DA:1087,0
DA:1088,0
DA:1090,181
DA:1091,181
DA:1092,0
DA:1095,181
DA:1096,0
DA:1098,181
DA:1099,181
DA:1100,0
DA:1103,181
DA:1104,181
DA:1106,181
DA:1107,181
DA:1108,0
DA:1109,0
DA:1111,181
DA:1112,181
DA:1113,0
DA:1114,0
DA:1115,0
DA:1117,181
DA:1118,181
DA:1119,0
DA:1120,0
DA:1121,0
DA:1123,181
DA:1124,0
DA:1125,0
DA:1127,181
DA:1128,181
DA:1129,0
DA:1130,0
DA:1131,0
DA:1133,181
DA:1135,0
DA:1136,0
DA:1137,0
DA:1140,181
DA:1141,181
DA:1142,0
DA:1144,0
DA:1145,0
DA:1148,181
DA:1149,181
DA:1151,181
DA:1152,181
DA:1153,0
DA:1154,0
DA:1157,181
DA:1161,70
DA:1163,70
DA:1164,70
DA:1165,0
DA:1167,70
DA:1168,70
DA:1171,182
DA:1173,186
DA:1174,4
DA:1176,182
DA:1179,182
DA:1181,200
DA:1182,18
DA:1184,182
DA:1187,63
DA:1190,63
DA:1191,63
DA:1193,63
DA:1194,5
DA:1196,5
DA:1197,5
DA:1198,5
DA:1199,5
DA:1202,58
DA:1203,58
DA:1204,58
DA:1205,58
DA:1209,70
DA:1218,70
DA:1219,70
DA:1220,70
DA:1221,70
DA:1223,70
DA:1224,0
DA:1227,70
DA:1228,70
DA:1229,0
DA:1230,0
DA:1233,70
DA:1234,70
DA:1235,70
DA:1238,70
DA:1239,20
DA:1240,0
DA:1241,20
DA:1242,20
DA:1244,0
DA:1247,50
DA:1248,0
DA:1250,50
DA:1255,70
DA:1256,20
DA:1258,20
DA:1261,20
DA:1262,20
DA:1264,50
DA:1267,50
DA:1271,70
DA:1273,0
DA:1276,70
DA:1282,70
DA:1283,0
DA:1284,0
DA:1287,70
DA:1288,70
DA:1289,70
DA:1290,70
DA:1291,70
DA:1292,70
DA:1293,70
DA:1294,70
DA:1295,70
DA:1297,70
DA:1298,0
DA:1299,0
DA:1300,0
DA:1301,0
DA:1302,0
DA:1303,0
DA:1304,0
DA:1305,0
DA:1306,0
DA:1307,0
DA:1308,0
DA:1309,0
DA:1310,0
DA:1313,70
DA:1314,70
DA:1315,0
DA:1316,0
DA:1317,0
DA:1319,70
DA:1320,0
DA:1323,70
DA:1324,70
DA:1325,70
DA:1327,70
DA:1331,41
DA:1334,41
DA:1340,0
DA:1347,0
DA:1350,0
DA:1354,29
DA:1359,29
DA:1362,29
DA:1366,47
DA:1369,47
DA:1371,47
DA:1372,8
DA:1374,8
DA:1375,8
DA:1376,8
DA:1379,39
DA:1380,39
DA:1384,47
DA:1390,47
DA:1391,0
DA:1393,47
DA:1394,0
DA:1395,0
DA:1398,47
DA:1399,47
DA:1401,47
DA:1402,47
DA:1403,47
DA:1405,47
DA:1406,47
DA:1407,0
DA:1408,0
DA:1410,47
DA:1412,47
DA:1416,0
DA:1419,0
DA:1421,0
DA:1422,0
DA:1424,0
DA:1425,0
DA:1428,0
DA:1432,0
DA:1438,0
DA:1439,0
DA:1441,0
DA:1442,0
DA:1443,0
DA:1446,0
DA:1447,0
DA:1449,0
DA:1450,0
DA:1452,0
DA:1453,0
DA:1454,0
DA:1455,0
DA:1457,0
DA:1459,0
DA:1470,60
DA:1473,60
DA:1474,60
DA:1476,60
DA:1477,9
DA:1479,9
DA:1480,9
DA:1481,9
DA:1484,51
DA:1485,34
DA:1488,51
DA:1489,51
DA:1493,60
DA:1502,60
DA:1503,0
DA:1505,60
DA:1506,0
DA:1507,0
DA:1510,60
DA:1511,60
DA:1512,0
DA:1513,0
DA:1516,60
DA:1517,60
DA:1518,60
DA:1519,60
DA:1520,60
DA:1521,60
DA:1523,60
DA:1524,0
DA:1526,60
DA:1528,60
DA:1529,60
DA:1530,0
DA:1532,60
DA:1533,60
DA:1534,0
DA:1537,0
DA:1538,0
DA:1541,60
DA:1543,60
DA:1544,60
DA:1545,60
DA:1546,60
DA:1547,60
DA:1548,60
DA:1549,60
DA:1550,60
DA:1551,60
DA:1553,60
DA:1554,60
DA:1555,0
DA:1556,0
DA:1559,60
DA:1561,60
DA:1565,0
DA:1569,0
DA:1570,0
DA:1572,0
DA:1573,0
DA:1574,0
DA:1577,0
DA:1589,16
DA:1592,16
DA:1593,16
DA:1595,16
DA:1596,0
DA:1598,0
DA:1599,0
DA:1600,0
DA:1603,16
DA:1604,16
DA:1607,16
DA:1608,16
DA:1612,16
DA:1621,16
DA:1622,0
DA:1624,16
DA:1625,0
DA:1626,0
DA:1629,16
DA:1630,16
DA:1631,0
DA:1632,0
DA:1635,16
DA:1636,16
DA:1637,16
DA:1638,16
DA:1639,16
DA:1640,16
DA:1642,16
DA:1643,0
DA:1645,16
DA:1647,16
DA:1648,16
DA:1649,0
DA:1651,16
DA:1652,16
DA:1653,0
DA:1656,0
DA:1657,0
DA:1660,16
DA:1662,16
DA:1663,16
DA:1664,16
DA:1665,16
DA:1666,16
DA:1667,16
DA:1668,16
DA:1669,16
DA:1671,16
DA:1672,16
DA:1673,0
DA:1674,0
DA:1676,16
DA:1678,16
DA:1682,0
DA:1686,0
DA:1687,0
DA:1689,0
DA:1690,0
DA:1691,0
DA:1693,0
DA:1698,0
DA:1701,0
DA:1702,0
DA:1704,0
DA:1705,0
DA:1706,0
DA:1709,0
DA:1710,0
DA:1711,0
DA:1712,0
DA:1714,0
DA:1716,0
DA:1717,0
DA:1718,0
DA:1720,0
DA:1721,0
DA:1722,0
DA:1723,0
DA:1725,0
DA:1727,0
DA:1728,0
DA:1729,0
DA:1731,0
DA:1732,0
DA:1733,0
DA:1734,0
DA:1735,0
DA:1737,0
DA:1739,0
DA:1740,0
DA:1741,0
DA:1743,0
DA:1744,0
DA:1745,0
DA:1747,0
DA:1757,14
DA:1760,14
DA:1762,14
DA:1763,6
DA:1766,14
DA:1767,14
DA:1768,14
DA:1771,14
DA:1774,14
DA:1775,6
DA:1776,6
DA:1781,10
DA:1790,10
DA:1791,0
DA:1794,10
DA:1795,10
DA:1796,0
DA:1797,0
DA:1800,10
DA:1801,10
DA:1804,10
DA:1805,10
DA:1806,10
DA:1807,10
DA:1808,10
DA:1809,10
DA:1811,0
DA:1813,10
DA:1815,10
DA:1816,10
DA:1817,10
DA:1819,10
DA:1820,10
DA:1821,0
DA:1822,0
DA:1825,10
DA:1826,10
DA:1827,10
DA:1829,10
DA:1830,10
DA:1831,0
DA:1832,0
DA:1833,0
DA:1834,0
DA:1836,10
DA:1838,10
DA:1840,10
DA:1844,0
DA:1847,0
DA:1851,10
DA:1854,10
DA:1858,4
DA:1866,4
DA:1867,0
DA:1870,4
DA:1871,4
DA:1872,0
DA:1873,0
DA:1876,4
DA:1877,4
DA:1879,4
DA:1880,4
DA:1881,4
DA:1882,4
DA:1883,4
DA:1884,4
DA:1885,4
DA:1886,4
DA:1887,4
DA:1889,4
DA:1890,4
DA:1891,0
DA:1892,0
DA:1895,4
DA:1896,4
DA:1897,4
DA:1899,4
DA:1900,4
DA:1901,0
DA:1902,0
DA:1903,0
DA:1904,0
DA:1906,4
DA:1908,4
DA:1910,4
DA:1924,14
DA:1927,14
DA:1928,14
DA:1929,14
DA:1930,14
DA:1932,14
DA:1933,0
DA:1935,0
DA:1936,0
DA:1939,14
DA:1940,14
DA:1941,0
DA:1943,14
DA:1944,0
DA:1946,14
DA:1947,14
DA:1948,14
DA:1949,14
DA:1950,14
DA:1952,14
DA:1953,14
DA:1955,14
DA:1956,14
DA:1958,14
DA:1959,14
DA:1962,14
DA:1964,14
DA:1965,14
DA:1969,14
DA:1977,14
DA:1978,0
DA:1980,14
DA:1981,0
DA:1982,0
DA:1985,14
DA:1986,14
DA:1987,0
DA:1988,0
DA:1991,14
DA:1992,14
DA:1993,14
DA:1995,14
DA:1996,14
DA:1997,14
DA:1998,14
DA:1999,14
DA:2000,14
DA:2001,14
DA:2003,14
DA:2004,14
DA:2005,0
DA:2006,0
DA:2007,0
DA:2009,14
DA:2011,14
DA:2015,20000
DA:2018,20000
DA:2020,20000
DA:2021,20000
DA:2024,20000
DA:2026,20000
DA:2027,20000
DA:2030,20000
DA:2033,20000
DA:2034,20000
DA:2036,20000
DA:2037,20000
DA:2039,20000
DA:2040,0
DA:2043,20000
DA:2044,20000
DA:2045,20000
DA:2046,20000
DA:2048,20000
DA:2049,20000
DA:2050,0
DA:2052,20000
DA:2053,0
DA:2055,20000
DA:2056,20000
DA:2057,20000
DA:2058,20000
DA:2059,20000
DA:2061,20000
DA:2062,20000
DA:2064,20000
DA:2065,20000
DA:2067,20000
DA:2068,20000
DA:2070,0
DA:2071,0
DA:2072,0
DA:2073,0
DA:2075,0
DA:2076,0
DA:2077,0
DA:2078,0
DA:2079,0
DA:2080,0
DA:2081,0
DA:2083,20000
DA:2087,20000
DA:2090,20000
DA:2092,20000
DA:2093,20000
DA:2095,20000
DA:2098,20000
DA:2109,20000
DA:2110,0
DA:2113,20000
DA:2114,20000
DA:2115,0
DA:2116,0
DA:2119,20000
DA:2120,20000
DA:2121,20000
DA:2122,20000
DA:2123,20000
DA:2126,20000
DA:2127,20000
DA:2128,20000
DA:2129,20000
DA:2130,20000
DA:2131,20000
DA:2132,20000
DA:2133,20000
DA:2134,20000
DA:2136,20000
DA:2137,20000
DA:2138,0
DA:2139,0
DA:2140,0
DA:2144,20000
DA:2145,20000
DA:2146,20000
DA:2147,20000
DA:2148,20000
DA:2149,20000
DA:2150,20000
DA:2152,20000
DA:2154,20000
DA:2155,0
DA:2156,0
DA:2157,0
DA:2158,0
DA:2160,20000
DA:2163,20000
DA:2164,20000
DA:2165,20000
DA:2167,20000
DA:2168,20000
DA:2169,0
DA:2170,0
DA:2171,0
DA:2172,0
DA:2174,20000
DA:2176,20000
DA:2178,20000
DA:2182,20000
DA:2186,20000
DA:2193,0
DA:2197,0
DA:2212,0
DA:2215,0
DA:2217,0
DA:2218,0
DA:2221,0
DA:2223,0
DA:2224,0
DA:2227,0
DA:2230,0
DA:2232,0
DA:2233,0
DA:2235,0
DA:2238,0
DA:2241,0
DA:2243,0
DA:2244,0
DA:2246,0
DA:2249,0
DA:2259,0
DA:2260,0
DA:2263,0
DA:2264,0
DA:2265,0
DA:2266,0
DA:2269,0
DA:2270,0
DA:2271,0
DA:2274,0
DA:2275,0
DA:2276,0
DA:2277,0
DA:2278,0
DA:2279,0
DA:2280,0
DA:2281,0
DA:2282,0
DA:2284,0
DA:2285,0
DA:2286,0
DA:2287,0
DA:2288,0
DA:2292,0
DA:2294,0
DA:2295,0
DA:2296,0
DA:2297,0
DA:2298,0
DA:2299,0
DA:2301,0
DA:2303,0
DA:2304,0
DA:2306,0
DA:2307,0
DA:2308,0
DA:2310,0
DA:2313,0
DA:2314,0
DA:2315,0
DA:2317,0
DA:2318,0
DA:2319,0
DA:2320,0
DA:2321,0
DA:2322,0
DA:2324,0
DA:2326,0
DA:2328,0
DA:2338,0
DA:2340,0
DA:2341,0
DA:2342,0
DA:2345,0
DA:2348,0
DA:2350,0
DA:2351,0
DA:2354,0
DA:2356,0
DA:2357,0
DA:2360,0
DA:2363,0
DA:2365,0
DA:2366,0
DA:2368,0
DA:2371,0
DA:2374,0
DA:2376,0
DA:2377,0
DA:2379,0
DA:2382,0
DA:2393,0
DA:2394,0
DA:2397,0
DA:2398,0
DA:2399,0
DA:2400,0
DA:2403,0
DA:2404,0
DA:2405,0
DA:2406,0
DA:2407,0
DA:2408,0
DA:2409,0
DA:2411,0
DA:2412,0
DA:2413,0
DA:2418,0
DA:2419,0
DA:2420,0
DA:2421,0
DA:2422,0
DA:2423,0
DA:2424,0
DA:2425,0
DA:2426,0
DA:2428,0
DA:2429,0
DA:2430,0
DA:2431,0
DA:2432,0
DA:2436,0
DA:2437,0
DA:2439,0
DA:2440,0
DA:2441,0
DA:2442,0
DA:2443,0
DA:2444,0
DA:2446,0
DA:2448,0
DA:2449,0
DA:2451,0
DA:2452,0
DA:2453,0
DA:2455,0
DA:2458,0
DA:2459,0
DA:2460,0
DA:2462,0
DA:2463,0
DA:2464,0
DA:2465,0
DA:2466,0
DA:2467,0
DA:2469,0
DA:2471,0
DA:2473,0
DA:2477,0
DA:2480,0
DA:2482,0
DA:2484,0
DA:2485,0
DA:2488,0
DA:2496,0
DA:2497,0
DA:2499,0
DA:2500,0
DA:2501,0
DA:2504,0
DA:2505,0
DA:2506,0
DA:2507,0
DA:2510,0
DA:2511,0
DA:2513,0
DA:2515,0
DA:2516,0
DA:2517,0
DA:2518,0
DA:2519,0
DA:2520,0
DA:2522,0
DA:2523,0
DA:2524,0
DA:2525,0
DA:2527,0
DA:2529,0
DA:2541,0
DA:2544,0
DA:2545,0
DA:2546,0
DA:2548,0
DA:2549,0
DA:2550,0
DA:2551,0
DA:2554,0
DA:2556,0
DA:2557,0
DA:2558,0
DA:2561,0
DA:2564,0
DA:2565,0
DA:2567,0
DA:2568,0
DA:2570,0
DA:2571,0
DA:2573,0
DA:2574,0
DA:2576,0
DA:2579,0
DA:2582,0
DA:2584,0
DA:2585,0
DA:2587,0
DA:2588,0
DA:2591,0
DA:2600,0
DA:2601,0
DA:2604,0
DA:2605,0
DA:2606,0
DA:2607,0
DA:2610,0
DA:2611,0
DA:2614,0
DA:2615,0
DA:2616,0
DA:2617,0
DA:2618,0
DA:2619,0
DA:2621,0
DA:2622,0
DA:2623,0
DA:2625,0
DA:2626,0
DA:2627,0
DA:2628,0
DA:2629,0
DA:2633,0
DA:2634,0
DA:2635,0
DA:2636,0
DA:2637,0
DA:2638,0
DA:2640,0
DA:2642,0
DA:2643,0
DA:2644,0
DA:2645,0
DA:2647,0
DA:2650,0
DA:2651,0
DA:2652,0
DA:2654,0
DA:2656,0
DA:2657,0
DA:2658,0
DA:2659,0
DA:2661,0
DA:2663,0
DA:2665,0
DA:2674,12
DA:2677,12
DA:2679,12
DA:2680,12
DA:2681,12
DA:2682,0
DA:2684,12
DA:2685,12
DA:2686,12
DA:2689,50
DA:2692,50
DA:2695,50
DA:2696,38
DA:2697,38
DA:2698,38
DA:2699,38
DA:2701,12
DA:2702,12
DA:2703,0
DA:2704,0
DA:2705,0
DA:2707,12
DA:2711,52
DA:2717,52
DA:2718,0
DA:2721,52
DA:2722,2
DA:2723,2
DA:2726,50
DA:2727,50
DA:2728,0
DA:2729,0
DA:2732,50
DA:2733,50
DA:2735,50
DA:2736,50
DA:2737,0
DA:2738,0
DA:2740,50
DA:2742,50
DA:2751,0
DA:2754,0
DA:2756,0
DA:2758,0
DA:2759,0
DA:2762,0
DA:2768,0
DA:2769,0
DA:2772,0
DA:2773,0
DA:2774,0
DA:2775,0
DA:2778,0
DA:2779,0
DA:2781,0
DA:2782,0
DA:2783,0
DA:2784,0
DA:2786,0
DA:2788,0
DA:2792,0
DA:2794,0
DA:2798,0
DA:2800,0
DA:2804,0
DA:2806,0
DA:2810,0
DA:2814,0
DA:2815,0
DA:2816,0
DA:2818,0
DA:2819,0
DA:2821,0
DA:2825,0
DA:2829,0
DA:2830,0
DA:2831,0
DA:2834,0
DA:2839,0
DA:2843,0
DA:2846,0
DA:2847,0
DA:2852,0
DA:2853,0
DA:2854,0
DA:2855,0
DA:2856,0
DA:2857,0
DA:2858,0
DA:2859,0
DA:2860,0
DA:2861,0
DA:2862,0
DA:2863,0
DA:2864,0
DA:2865,0
DA:2866,0
DA:2867,0
DA:2868,0
DA:2869,0
DA:2870,0
DA:2871,0
DA:2872,0
DA:2873,0
DA:2874,0
DA:2876,0
DA:2878,0
DA:2879,0
DA:2885,0
DA:2893,0
DA:2894,0
DA:2896,0
DA:2897,0
DA:2898,0
DA:2900,0
DA:2901,0
DA:2902,0
DA:2903,0
DA:2904,0
DA:2905,0
DA:2907,0
DA:2911,0
DA:2913,0
DA:2914,0
DA:2916,0
DA:2917,0
DA:2918,0
DA:2935,0
DA:2938,0
DA:2940,0
DA:2942,0
DA:2944,0
DA:2945,0
DA:2949,0
DA:2950,0
DA:2952,0
DA:2953,0
DA:2956,0
DA:2957,0
DA:2959,0
DA:2964,0
DA:2965,0
DA:2966,0
DA:2968,0
DA:2970,0
DA:2971,0
DA:2973,0
DA:2980,0
DA:2981,0
DA:2982,0
DA:2983,0
DA:2985,0
DA:2986,0
DA:2987,0
DA:2988,0
DA:2990,0
DA:2991,0
DA:2992,0
DA:2995,0
DA:2996,0
DA:2997,0
DA:2998,0
DA:2999,0
DA:3000,0
DA:3002,0
DA:3004,0
DA:3005,0
DA:3006,0
DA:3007,0
DA:3009,0
DA:3011,0
DA:3014,0
DA:3019,0
DA:3023,0
DA:3024,0
DA:3025,0
DA:3027,0
DA:3033,0
DA:3035,0
DA:3037,0
DA:3039,0
DA:3040,0
DA:3042,0
DA:3043,0
DA:3045,0
DA:3046,0
DA:3047,0
DA:3050,0
DA:3051,0
DA:3052,0
DA:3054,0
DA:3057,0
DA:3059,0
DA:3062,0
DA:3063,0
DA:3065,0
DA:3066,0
DA:3067,0
DA:3069,0
DA:3070,0
DA:3072,0
DA:3073,0
DA:3074,0
DA:3077,0
DA:3078,0
DA:3079,0
DA:3081,0
DA:3084,0
DA:3086,0
DA:3088,0
DA:3089,0
DA:3091,0
DA:3092,0
DA:3094,0
DA:3095,0
DA:3097,0
DA:3098,0
DA:3099,0
DA:3102,0
DA:3103,0
DA:3104,0
DA:3107,0
DA:3108,0
DA:3111,0
DA:3113,0
DA:3116,0
DA:3117,0
DA:3119,0
DA:3120,0
DA:3121,0
DA:3123,0
DA:3124,0
DA:3126,0
DA:3127,0
DA:3128,0
DA:3131,0
DA:3132,0
DA:3133,0
DA:3135,0
DA:3136,0
DA:3138,0
DA:3141,0
DA:3143,0
DA:3146,0
DA:3147,0
DA:3149,0
DA:3150,0
DA:3151,0
DA:3153,0
DA:3154,0
DA:3156,0
DA:3157,0
DA:3158,0
DA:3161,0
DA:3162,0
DA:3163,0
DA:3165,0
DA:3168,0
DA:3170,0
DA:3172,0
DA:3173,0
DA:3175,0
DA:3176,0
DA:3178,0
DA:3179,0
DA:3181,0
DA:3182,0
DA:3183,0
DA:3186,0
DA:3187,0
DA:3188,0
DA:3190,0
DA:3193,0
DA:3195,0
DA:3198,0
DA:3199,0
DA:3201,0
DA:3202,0
DA:3203,0
DA:3205,0
DA:3206,0
DA:3208,0
DA:3209,0
DA:3210,0
DA:3213,0
DA:3214,0
DA:3215,0
DA:3217,0
DA:3220,0
DA:3222,0
DA:3225,0
DA:3226,0
DA:3228,0
DA:3229,0
DA:3230,0
DA:3232,0
DA:3233,0
DA:3235,0
DA:3236,0
DA:3237,0
DA:3240,0
DA:3241,0
DA:3242,0
DA:3244,0
DA:3247,0
DA:3249,0
DA:3253,0
DA:3254,0
DA:3256,0
DA:3257,0
DA:3258,0
DA:3260,0
DA:3261,0
DA:3262,0
DA:3267,0
DA:3268,0
DA:3269,0
DA:3270,0
DA:3272,0
DA:3273,0
DA:3274,0
DA:3279,0
DA:3280,0
DA:3281,0
DA:3284,0
DA:3285,0
DA:3286,0
DA:3288,0
DA:3291,0
DA:3293,0
DA:3295,0
DA:3296,0
DA:3298,0
DA:3299,0
DA:3301,0
DA:3302,0
DA:3304,0
DA:3305,0
DA:3306,0
DA:3309,0
DA:3310,0
DA:3311,0
DA:3313,0
DA:3316,0
DA:3318,0
DA:3321,0
DA:3323,0
DA:3325,0
DA:3326,0
DA:3327,0
DA:3329,0
DA:3332,0
DA:3333,0
DA:3334,0
DA:3335,0
DA:3336,0
DA:3337,0
DA:3338,0
DA:3339,0
DA:3340,0
DA:3344,0
DA:3345,0
DA:3347,0
DA:3348,0
DA:3350,0
DA:3351,0
DA:3352,0
DA:3356,0
DA:3357,0
DA:3358,0
DA:3360,0
DA:3363,0
DA:3366,0
DA:3367,0
DA:3369,0
DA:3370,0
DA:3372,0
DA:3373,0
DA:3374,0
DA:3377,0
DA:3378,0
DA:3379,0
DA:3381,0
DA:3384,0
DA:3387,0
DA:3388,0
DA:3390,0
DA:3391,0
DA:3393,0
DA:3394,0
DA:3396,0
DA:3397,0
DA:3398,0
DA:3401,0
DA:3402,0
DA:3403,0
DA:3405,0
DA:3408,0
DA:3410,0
DA:3413,0
DA:3414,0
DA:3416,0
DA:3417,0
DA:3419,0
DA:3420,0
DA:3422,0
DA:3423,0
DA:3426,0
DA:3427,0
DA:3428,0
DA:3436,0
DA:3439,0
DA:3440,0
DA:3442,0
DA:3443,0
DA:3444,0
DA:3446,0
DA:3449,0
DA:3451,0
DA:3454,0
DA:3455,0
DA:3457,0
DA:3458,0
DA:3460,0
DA:3461,0
DA:3463,0
DA:3464,0
DA:3467,0
DA:3468,0
DA:3470,0
DA:3471,0
DA:3472,0
DA:3474,0
DA:3477,0
DA:3479,0
DA:3482,0
DA:3483,0
DA:3485,0
DA:3486,0
DA:3488,0
DA:3489,0
DA:3491,0
DA:3492,0
DA:3495,0
DA:3496,0
DA:3497,0
DA:3505,0
DA:3508,0
DA:3509,0
DA:3510,0
DA:3512,0
DA:3515,0
DA:3517,0
DA:3519,0
DA:3520,0
DA:3522,0
DA:3524,0
DA:3525,0
DA:3527,0
DA:3528,0
DA:3531,0
DA:3532,0
DA:3534,0
DA:3535,0
DA:3536,0
DA:3538,0
DA:3544,0
DA:3546,0
DA:3547,0
DA:3548,0
DA:3549,0
DA:3551,0
DA:3552,0
DA:3553,0
DA:3554,0
DA:3556,0
DA:3557,0
DA:3560,0
DA:3561,0
DA:3562,0
DA:3564,0
DA:3565,0
DA:3566,0
DA:3567,0
DA:3569,0
DA:3570,0
DA:3571,0
DA:3572,0
DA:3573,0
DA:3574,0
DA:3575,0
DA:3576,0
DA:3577,0
DA:3578,0
DA:3579,0
DA:3580,0
DA:3581,0
DA:3582,0
DA:3583,0
DA:3584,0
DA:3585,0
DA:3586,0
DA:3587,0
DA:3588,0
DA:3589,0
DA:3590,0
DA:3591,0
DA:3592,0
DA:3593,0
DA:3594,0
DA:3595,0
DA:3596,0
DA:3597,0
DA:3598,0
DA:3599,0
DA:3600,0
DA:3601,0
DA:3602,0
DA:3603,0
DA:3604,0
DA:3605,0
DA:3606,0
DA:3607,0
DA:3608,0
DA:3609,0
DA:3610,0
DA:3611,0
DA:3612,0
DA:3613,0
DA:3614,0
DA:3615,0
DA:3616,0
DA:3617,0
DA:3618,0
DA:3619,0
DA:3620,0
DA:3621,0
DA:3622,0
DA:3623,0
DA:3626,0
DA:3630,0
DA:3631,0
DA:3632,0
DA:3633,0
DA:3639,0
DA:3641,0
DA:3642,0
DA:3643,0
DA:3648,0
DA:3652,0
DA:3655,0
DA:3656,0
DA:3659,0
DA:3660,0
DA:3662,0
DA:3664,0
DA:3665,0
DA:3667,0
DA:3669,0
DA:3676,0
DA:3677,0
DA:3678,0
DA:3682,0
DA:3688,0
DA:3690,0
DA:3691,0
DA:3696,0
DA:3698,0
DA:3699,0
DA:3700,0
DA:3702,0
DA:3706,0
DA:3707,0
DA:3709,0
DA:3710,0
DA:3711,0
DA:3712,0
DA:3714,0
DA:3717,0
DA:3719,0
DA:3720,0
DA:3722,0
DA:3724,0
DA:3728,0
DA:3729,0
DA:3730,0
DA:3732,0
DA:3733,0
DA:3736,0
DA:3737,0
DA:3739,0
DA:3740,0
DA:3741,0
DA:3746,0
DA:3749,0
DA:3750,0
DA:3752,0
DA:3755,0
DA:3758,0
DA:3804,0
DA:3805,0
DA:3806,0
DA:3809,0
DA:3810,0
DA:3813,0
DA:3817,0
DA:3820,0
DA:3821,0
DA:3822,0
DA:3823,0
DA:3826,0
DA:3827,0
DA:3828,0
DA:3829,0
DA:3830,0
DA:3831,0
DA:3833,0
DA:3834,0
DA:3837,0
DA:3838,0
DA:3839,0
DA:3840,0
DA:3841,0
DA:3842,0
DA:3846,0
DA:3852,0
DA:3853,0
DA:3854,0
DA:3855,0
DA:3858,0
DA:3859,0
DA:3860,0
DA:3864,0
DA:3866,0
DA:3867,0
DA:3868,0
DA:3877,0
DA:3879,0
DA:3880,0
DA:3881,0
DA:3883,0
DA:3885,0
DA:3889,0
DA:3892,0
DA:3893,0
DA:3894,0
DA:3895,0
DA:3896,0
DA:3897,0
DA:3898,0
DA:3899,0
DA:3900,0
DA:3901,0
DA:3902,0
DA:3903,0
DA:3904,0
DA:3905,0
DA:3906,0
DA:3907,0
DA:3908,0
DA:3909,0
DA:3910,0
DA:3911,0
DA:3912,0
DA:3918,0
DA:3919,0
DA:3920,0
DA:3923,0
DA:3924,0
DA:3927,0
DA:3928,0
DA:3929,0
DA:3930,0
DA:3932,0
DA:3934,0
DA:3935,0
DA:3937,0
DA:3938,0
DA:3939,0
DA:3941,0
DA:3942,0
DA:3943,0
DA:3944,0
DA:3945,0
DA:3946,0
DA:3947,0
DA:3950,0
DA:3951,0
DA:3955,0
DA:3956,0
DA:3957,0
DA:3958,0
DA:3961,0
DA:3965,0
DA:3968,0
DA:3969,0
DA:3971,0
DA:3972,0
DA:3973,0
DA:3974,0
DA:3975,0
DA:3976,0
DA:3977,0
DA:3978,0
DA:3982,0
DA:3983,0
DA:3984,0
DA:3988,0
DA:3989,0
DA:3990,0
DA:3991,0
DA:3993,0
DA:3994,0
DA:3998,0
DA:3999,0
DA:4002,0
DA:4003,0
DA:4004,0
DA:4007,0
DA:4009,0
DA:4012,0
DA:4016,0
DA:4017,0
DA:4018,0
DA:4019,0
DA:4020,0
DA:4022,0
DA:4024,0
DA:4025,0
DA:4030,0
DA:4031,0
DA:4032,0
DA:4033,0
DA:4034,0
DA:4035,0
DA:4036,0
DA:4037,0
DA:4040,0
DA:4041,0
DA:4043,0
DA:4044,0
DA:4046,0
DA:4047,0
DA:4048,0
DA:4050,0
DA:4052,0
DA:4055,0
DA:4056,0
DA:4057,0
DA:4059,0
DA:4060,0
DA:4063,0
DA:4064,0
DA:4065,0
DA:4067,0
DA:4069,0
DA:4070,0
DA:4071,0
DA:4072,0
DA:4077,0
DA:4078,0
DA:4079,0
DA:4080,0
DA:4086,0
DA:4088,0
DA:4089,0
DA:4092,0
DA:4093,0
DA:4096,0
DA:4098,0
DA:4099,0
DA:4100,0
DA:4103,0
DA:4105,0
DA:4106,0
DA:4109,0
DA:4112,0
DA:4114,0
DA:4116,0
DA:4117,0
DA:4120,0
DA:4123,0
DA:4129,0
DA:4136,0
DA:4137,0
DA:4138,0
DA:4139,0
DA:4141,0
DA:4142,0
DA:4144,0
DA:4145,0
DA:4147,0
DA:4148,0
DA:4149,0
DA:4158,0
DA:4159,0
DA:4160,0
DA:4162,0
DA:4168,0
DA:4169,0
DA:4170,0
DA:4171,0
DA:4173,0
DA:4174,0
DA:4175,0
DA:4176,0
DA:4177,0
DA:4178,0
DA:4180,0
DA:4181,0
DA:4183,0
DA:4184,0
DA:4191,0
DA:4192,0
DA:4194,0
DA:4199,0
DA:4202,0
DA:4203,0
DA:4206,0
DA:4207,0
DA:4208,0
DA:4209,0
DA:4211,0
DA:4213,0
DA:4215,0
DA:4216,0
DA:4217,0
DA:4219,0
DA:4222,0
DA:4224,0
DA:4225,0
DA:4227,0
DA:4228,0
DA:4232,0
DA:4233,0
DA:4234,0
DA:4235,0
DA:4236,0
DA:4237,0
DA:4238,0
DA:4239,0
DA:4241,0
DA:4242,0
DA:4245,0
DA:4246,0
DA:4247,0
DA:4248,0
DA:4251,0
DA:4252,0
DA:4253,0
DA:4254,0
DA:4256,0
DA:4257,0
DA:4260,0
DA:4261,0
DA:4268,0
DA:4269,0
DA:4270,0
DA:4271,0
DA:4272,0
DA:4274,0
DA:4275,0
DA:4292,0
DA:4294,0
DA:4295,0
DA:4297,0
DA:4298,0
DA:4299,0
DA:4304,0
end_of_record
TN:
SF:/home/liyuan/tmp/libsmb2/lib/smb2-cmd-close.c
FN:59,smb2_encode_close_request
FNDA:20072,smb2_encode_close_request
FN:88,smb2_cmd_close_async
FNDA:20072,smb2_cmd_close_async
FN:113,smb2_encode_close_reply
FNDA:0,smb2_encode_close_reply
FN:149,smb2_cmd_close_reply_async
FNDA:0,smb2_cmd_close_reply_async
FN:174,smb2_process_close_fixed
FNDA:20054,smb2_process_close_fixed
FN:211,smb2_process_close_request_fixed
FNDA:0,smb2_process_close_request_fixed
DA:59,20072
DA:67,20072
DA:68,20072
DA:69,20072
DA:70,0
DA:71,0
DA:74,20072
DA:75,20072
DA:76,0
DA:77,0
DA:80,20072
DA:81,20072
DA:82,20072
DA:84,20072
DA:88,20072
DA:94,20072
DA:95,20072
DA:96,0
DA:99,20072
DA:100,0
DA:101,0
DA:104,20072
DA:105,0
DA:106,0
DA:109,20072
DA:113,0
DA:121,0
DA:122,0
DA:123,0
DA:124,0
DA:125,0
DA:128,0
DA:129,0
DA:130,0
DA:131,0
DA:134,0
DA:135,0
DA:137,0
DA:138,0
DA:139,0
DA:140,0
DA:141,0
DA:142,0
DA:143,0
DA:145,0
DA:149,0
DA:155,0
DA:156,0
DA:157,0
DA:160,0
DA:161,0
DA:162,0
DA:165,0
DA:166,0
DA:167,0
DA:170,0
DA:174,20054
DA:178,20054
DA:181,20054
DA:182,20054
DA:183,20054
DA:184,0
DA:187,0
DA:188,0
DA:191,20054
DA:192,20054
DA:193,0
DA:194,0
DA:196,20054
DA:198,20054
DA:199,20054
DA:200,20054
DA:201,20054
DA:202,20054
DA:203,20054
DA:204,20054
DA:205,20054
DA:207,20054
DA:211,0
DA:215,0
DA:218,0
DA:219,0
DA:220,0
DA:221,0
DA:224,0
DA:225,0
DA:228,0
DA:229,0
DA:230,0
DA:231,0
DA:233,0
DA:235,0
DA:236,0
DA:238,0
end_of_record
TN:
SF:/home/liyuan/tmp/libsmb2/lib/aes_reference.c
FN:135,smb2_getSBoxValue
FNDA:344400,smb2_getSBoxValue
FN:140,smb2_getSBoxInvert
FNDA:0,smb2_getSBoxInvert
FN:146,smb2_KeyExpansion
FNDA:1722,smb2_KeyExpansion
FN:213,smb2_AddRoundKey
FNDA:18942,smb2_AddRoundKey
FN:227,smb2_SubBytes
FNDA:17220,smb2_SubBytes
FN:242,smb2_ShiftRows
FNDA:17220,smb2_ShiftRows
FN:270,smb2_xtime
FNDA:247968,smb2_xtime
FN:276,smb2_MixColumns
FNDA:15498,smb2_MixColumns
FN:314,smb2_InvMixColumns
FNDA:0,smb2_InvMixColumns
FN:335,smb2_InvSubBytes
FNDA:0,smb2_InvSubBytes
FN:347,smb2_InvShiftRows
FNDA:0,smb2_InvShiftRows
FN:377,smb2_Cipher
FNDA:1722,smb2_Cipher
FN:402,smb2_InvCipher
FNDA:0,smb2_InvCipher
FN:427,BlockCopy
FNDA:1722,BlockCopy
FN:444,AES128_ECB_encrypt_reference
FNDA:1722,AES128_ECB_encrypt_reference
FN:458,AES128_ECB_decrypt_reference
FNDA:0,AES128_ECB_decrypt_reference
DA:135,344400
DA:137,344400
DA:140,0
DA:142,0
DA:146,1722
DA:152,8610
DA:154,6888
DA:155,6888
DA:156,6888
DA:157,6888
DA:161,70602
DA:163,344400
DA:165,275520
DA:167,68880
DA:174,17220
DA:175,17220
DA:176,17220
DA:177,17220
DA:178,17220
DA:186,17220
DA:187,17220
DA:188,17220
DA:189,17220
DA:192,17220
DA:204,68880
DA:205,68880
DA:206,68880
DA:207,68880
DA:209,1722
DA:213,18942
DA:216,94710
DA:218,378840
DA:220,303072
DA:223,18942
DA:227,17220
DA:230,86100
DA:232,344400
DA:234,275520
DA:237,17220
DA:242,17220
DA:247,17220
DA:248,17220
DA:249,17220
DA:250,17220
DA:251,17220
DA:254,17220
DA:255,17220
DA:256,17220
DA:258,17220
DA:259,17220
DA:260,17220
DA:263,17220
DA:264,17220
DA:265,17220
DA:266,17220
DA:267,17220
DA:268,17220
DA:270,247968
DA:272,247968
DA:276,15498
DA:280,77490
DA:282,61992
DA:283,61992
DA:284,61992
DA:285,61992
DA:286,61992
DA:287,61992
DA:289,15498
DA:314,0
DA:318,0
DA:320,0
DA:321,0
DA:322,0
DA:323,0
DA:325,0
DA:326,0
DA:327,0
DA:328,0
DA:330,0
DA:335,0
DA:338,0
DA:340,0
DA:342,0
DA:345,0
DA:347,0
DA:352,0
DA:353,0
DA:354,0
DA:355,0
DA:356,0
DA:359,0
DA:360,0
DA:361,0
DA:363,0
DA:364,0
DA:365,0
DA:368,0
DA:369,0
DA:370,0
DA:371,0
DA:372,0
DA:373,0
DA:377,1722
DA:379,1722
DA:382,1722
DA:387,17220
DA:389,15498
DA:390,15498
DA:391,15498
DA:392,15498
DA:397,1722
DA:398,1722
DA:399,1722
DA:400,1722
DA:402,0
DA:404,0
DA:407,0
DA:412,0
DA:414,0
DA:415,0
DA:416,0
DA:417,0
DA:422,0
DA:423,0
DA:424,0
DA:425,0
DA:427,1722
DA:430,29274
DA:432,27552
DA:434,1722
DA:444,1722
DA:450,1722
DA:452,1722
DA:455,1722
DA:456,1722
DA:458,0
DA:464,0
DA:467,0
DA:469,0
DA:470,0
end_of_record
TN:
SF:/home/liyuan/tmp/libsmb2/lib/smb2-cmd-create.c
FN:61,smb2_encode_create_request
FNDA:20109,smb2_encode_create_request
FN:190,smb2_cmd_create_async
FNDA:20109,smb2_cmd_create_async
FN:215,smb2_encode_create_reply
FNDA:0,smb2_encode_create_reply
FN:276,smb2_cmd_create_reply_async
FNDA:0,smb2_cmd_create_reply_async
FN:304,smb2_process_create_fixed
FNDA:20086,smb2_process_create_fixed
FN:362,smb2_process_create_variable
FNDA:0,smb2_process_create_variable
FN:384,smb2_process_create_request_fixed
FNDA:0,smb2_process_create_request_fixed
FN:466,smb2_process_create_request_variable
FNDA:0,smb2_process_create_request_variable
DA:61,20109
DA:68,20109
DA:69,20109
DA:72,20109
DA:73,20109
DA:74,20109
DA:75,0
DA:76,0
DA:79,20109
DA:80,20109
DA:81,0
DA:82,0
DA:86,20109
DA:87,20088
DA:88,20088
DA:89,0
DA:90,0
DA:92,20088
DA:94,20088
DA:95,20088
DA:98,20109
DA:99,20109
DA:100,20109
DA:101,20109
DA:102,20109
DA:103,20109
DA:104,20109
DA:105,20109
DA:106,20109
DA:107,20109
DA:109,20109
DA:110,20109
DA:112,20109
DA:113,0
DA:114,0
DA:117,0
DA:121,20109
DA:123,20109
DA:124,20109
DA:127,20109
DA:128,20088
DA:129,20088
DA:130,20088
DA:131,0
DA:132,0
DA:133,0
DA:135,20088
DA:136,20088
DA:137,20088
DA:141,20088
DA:142,0
DA:143,0
DA:146,180624
DA:147,160536
DA:148,160536
DA:149,0
DA:152,20088
DA:159,21
DA:161,21
DA:162,0
DA:163,0
DA:167,20109
DA:168,0
DA:169,0
DA:170,0
DA:171,0
DA:172,0
DA:174,0
DA:175,0
DA:176,0
DA:180,0
DA:181,0
DA:182,0
DA:186,20109
DA:190,20109
DA:196,20109
DA:197,20109
DA:198,0
DA:201,20109
DA:202,0
DA:203,0
DA:206,20109
DA:207,0
DA:208,0
DA:211,20109
DA:215,0
DA:223,0
DA:224,0
DA:225,0
DA:226,0
DA:227,0
DA:230,0
DA:231,0
DA:232,0
DA:233,0
DA:236,0
DA:237,0
DA:238,0
DA:239,0
DA:240,0
DA:241,0
DA:242,0
DA:243,0
DA:244,0
DA:245,0
DA:246,0
DA:247,0
DA:248,0
DA:249,0
DA:250,0
DA:253,0
DA:254,0
DA:255,0
DA:256,0
DA:257,0
DA:258,0
DA:260,0
DA:261,0
DA:262,0
DA:266,0
DA:267,0
DA:268,0
DA:272,0
DA:276,0
DA:282,0
DA:283,0
DA:284,0
DA:287,0
DA:288,0
DA:289,0
DA:292,0
DA:293,0
DA:294,0
DA:297,0
DA:304,20086
DA:308,20086
DA:311,20086
DA:312,20086
DA:313,20086
DA:314,0
DA:317,0
DA:318,0
DA:321,20086
DA:322,20086
DA:323,0
DA:324,0
DA:326,20086
DA:328,20086
DA:329,20086
DA:330,20086
DA:331,20086
DA:332,20086
DA:333,20086
DA:334,20086
DA:335,20086
DA:336,20086
DA:337,20086
DA:338,20086
DA:339,20086
DA:340,20086
DA:342,20086
DA:343,20086
DA:346,0
DA:348,0
DA:350,0
DA:351,0
DA:352,0
DA:358,0
DA:362,0
DA:365,0
DA:366,0
DA:369,0
DA:370,0
DA:372,0
DA:373,0
DA:374,0
DA:377,0
DA:384,0
DA:388,0
DA:392,0
DA:393,0
DA:394,0
DA:395,0
DA:398,0
DA:399,0
DA:402,0
DA:403,0
DA:404,0
DA:405,0
DA:407,0
DA:409,0
DA:410,0
DA:411,0
DA:412,0
DA:413,0
DA:415,0
DA:416,0
DA:417,0
DA:418,0
DA:419,0
DA:420,0
DA:421,0
DA:422,0
DA:423,0
DA:424,0
DA:426,0
DA:427,0
DA:430,0
DA:431,0
DA:433,0
DA:435,0
DA:436,0
DA:437,0
DA:441,0
DA:442,0
DA:444,0
DA:446,0
DA:447,0
DA:448,0
DA:455,0
DA:456,0
DA:457,0
DA:459,0
DA:461,0
DA:462,0
DA:466,0
DA:469,0
DA:470,0
DA:475,0
DA:476,0
DA:477,0
DA:478,0
DA:479,0
DA:480,0
DA:481,0
DA:482,0
DA:484,0
DA:485,0
DA:486,0
DA:487,0
DA:488,0
DA:492,0
DA:493,0
DA:500,0
DA:501,0
DA:502,0
DA:504,0
DA:506,0
end_of_record
TN:
SF:/home/liyuan/tmp/libsmb2/lib/smb2-cmd-flush.c
FN:59,smb2_encode_flush_request
FNDA:0,smb2_encode_flush_request
FN:87,smb2_cmd_flush_async
FNDA:0,smb2_cmd_flush_async
FN:112,smb2_encode_flush_reply
FNDA:0,smb2_encode_flush_reply
FN:137,smb2_cmd_flush_reply_async
FNDA:0,smb2_cmd_flush_reply_async
FN:161,smb2_process_flush_fixed
FNDA:0,smb2_process_flush_fixed
FN:180,smb2_process_flush_request_fixed
FNDA:0,smb2_process_flush_request_fixed
DA:59,0
DA:67,0
DA:68,0
DA:69,0
DA:70,0
DA:71,0
DA:74,0
DA:75,0
DA:77,0
DA:80,0
DA:81,0
DA:83,0
DA:87,0
DA:93,0
DA:94,0
DA:95,0
DA:98,0
DA:99,0
DA:100,0
DA:103,0
DA:104,0
DA:105,0
DA:108,0
DA:112,0
DA:119,0
DA:120,0
DA:121,0
DA:122,0
DA:123,0
DA:126,0
DA:127,0
DA:128,0
DA:131,0
DA:133,0
DA:137,0
DA:142,0
DA:143,0
DA:144,0
DA:147,0
DA:148,0
DA:149,0
DA:152,0
DA:153,0
DA:154,0
DA:157,0
DA:161,0
DA:164,0
DA:167,0
DA:168,0
DA:169,0
DA:170,0
DA:173,0
DA:174,0
DA:176,0
DA:180,0
DA:184,0
DA:187,0
DA:188,0
DA:189,0
DA:190,0
DA:193,0
DA:194,0
DA:197,0
DA:198,0
DA:199,0
DA:200,0
DA:203,0
DA:204,0
DA:205,0
end_of_record
TN:
SF:/home/liyuan/tmp/libsmb2/lib/smb2-cmd-ioctl.c
FN:59,smb2_encode_ioctl_request
FNDA:0,smb2_encode_ioctl_request
FN:101,smb2_cmd_ioctl_async
FNDA:0,smb2_cmd_ioctl_async
FN:126,smb2_encode_ioctl_reply
FNDA:0,smb2_encode_ioctl_reply
FN:223,smb2_cmd_ioctl_reply_async
FNDA:0,smb2_cmd_ioctl_reply_async
FN:251,smb2_process_ioctl_fixed
FNDA:0,smb2_process_ioctl_fixed
FN:305,smb2_process_ioctl_variable
FNDA:0,smb2_process_ioctl_variable
FN:348,smb2_process_ioctl_request_fixed
FNDA:0,smb2_process_ioctl_request_fixed
FN:402,smb2_process_ioctl_request_variable
FNDA:0,smb2_process_ioctl_request_variable
DA:59,0
DA:67,0
DA:68,0
DA:69,0
DA:70,0
DA:71,0
DA:74,0
DA:75,0
DA:76,0
DA:79,0
DA:80,0
DA:81,0
DA:82,0
DA:84,0
DA:85,0
DA:86,0
DA:87,0
DA:89,0
DA:90,0
DA:91,0
DA:92,0
DA:93,0
DA:97,0
DA:101,0
DA:107,0
DA:108,0
DA:109,0
DA:112,0
DA:113,0
DA:114,0
DA:117,0
DA:118,0
DA:119,0
DA:122,0
DA:126,0
DA:134,0
DA:135,0
DA:136,0
DA:137,0
DA:138,0
DA:141,0
DA:142,0
DA:143,0
DA:146,0
DA:147,0
DA:148,0
DA:149,0
DA:152,0
DA:153,0
DA:154,0
DA:155,0
DA:157,0
DA:160,0
DA:161,0
DA:162,0
DA:164,0
DA:166,0
DA:167,0
DA:168,0
DA:169,0
DA:171,0
DA:172,0
DA:173,0
DA:174,0
DA:177,0
DA:178,0
DA:180,0
DA:184,0
DA:185,0
DA:186,0
DA:187,0
DA:188,0
DA:190,0
DA:191,0
DA:192,0
DA:193,0
DA:198,0
DA:200,0
DA:204,0
DA:205,0
DA:206,0
DA:208,0
DA:210,0
DA:212,0
DA:214,0
DA:216,0
DA:217,0
DA:219,0
DA:223,0
DA:229,0
DA:230,0
DA:231,0
DA:234,0
DA:235,0
DA:236,0
DA:239,0
DA:240,0
DA:241,0
DA:244,0
DA:251,0
DA:255,0
DA:258,0
DA:259,0
DA:260,0
DA:261,0
DA:264,0
DA:265,0
DA:268,0
DA:269,0
DA:270,0
DA:271,0
DA:273,0
DA:275,0
DA:276,0
DA:277,0
DA:278,0
DA:279,0
DA:280,0
DA:281,0
DA:283,0
DA:284,0
DA:287,0
DA:289,0
DA:291,0
DA:292,0
DA:293,0
DA:301,0
DA:305,0
DA:308,0
DA:309,0
DA:313,0
DA:314,0
DA:317,0
DA:318,0
DA:320,0
DA:321,0
DA:322,0
DA:324,0
DA:325,0
DA:328,0
DA:330,0
DA:331,0
DA:332,0
DA:333,0
DA:334,0
DA:336,0
DA:339,0
DA:341,0
DA:348,0
DA:352,0
DA:355,0
DA:356,0
DA:357,0
DA:358,0
DA:361,0
DA:362,0
DA:365,0
DA:366,0
DA:367,0
DA:368,0
DA:370,0
DA:372,0
DA:373,0
DA:374,0
DA:375,0
DA:376,0
DA:377,0
DA:378,0
DA:379,0
DA:380,0
DA:382,0
DA:383,0
DA:386,0
DA:388,0
DA:390,0
DA:391,0
DA:392,0
DA:398,0
DA:402,0
DA:405,0
DA:406,0
DA:408,0
DA:411,0
DA:412,0
DA:415,0
DA:416,0
DA:418,0
DA:419,0
DA:421,0
DA:422,0
DA:423,0
DA:424,0
DA:425,0
DA:426,0
DA:427,0
DA:428,0
DA:429,0
DA:430,0
DA:432,0
DA:433,0
DA:436,0
DA:440,0
DA:442,0
DA:443,0
end_of_record
TN:
SF:/home/liyuan/tmp/libsmb2/lib/smb2-data-file-info.c
FN:57,smb2_decode_file_basic_info
FNDA:20014,smb2_decode_file_basic_info
FN:82,smb2_tv_timeval_to_win
FNDA:0,smb2_tv_timeval_to_win
FN:94,smb2_encode_file_basic_info
FNDA:0,smb2_encode_file_basic_info
FN:119,smb2_decode_file_standard_info
FNDA:20014,smb2_decode_file_standard_info
FN:134,smb2_encode_file_standard_info
FNDA:0,smb2_encode_file_standard_info
FN:151,smb2_decode_file_stream_info
FNDA:0,smb2_decode_file_stream_info
FN:213,smb2_encode_file_stream_info
FNDA:0,smb2_encode_file_stream_info
FN:264,smb2_decode_file_position_info
FNDA:0,smb2_decode_file_position_info
FN:274,smb2_encode_file_position_info
FNDA:0,smb2_encode_file_position_info
FN:283,smb2_decode_file_all_info
FNDA:20014,smb2_decode_file_all_info
FN:341,smb2_encode_file_all_info
FNDA:0,smb2_encode_file_all_info
FN:389,smb2_decode_file_network_open_info
FNDA:0,smb2_decode_file_network_open_info
FN:419,smb2_encode_file_network_open_info
FNDA:0,smb2_encode_file_network_open_info
FN:450,smb2_decode_file_normalized_name_info
FNDA:0,smb2_decode_file_normalized_name_info
FN:499,smb2_encode_file_normalized_name_info
FNDA:0,smb2_encode_file_normalized_name_info
DA:57,20014
DA:64,20014
DA:65,20014
DA:67,20014
DA:68,20014
DA:70,20014
DA:71,20014
DA:73,20014
DA:74,20014
DA:76,20014
DA:78,20014
DA:82,0
DA:83,0
DA:84,0
DA:85,0
DA:86,0
DA:87,0
DA:88,0
DA:90,0
DA:94,0
DA:100,0
DA:101,0
DA:103,0
DA:104,0
DA:106,0
DA:107,0
DA:109,0
DA:110,0
DA:112,0
DA:113,0
DA:115,0
DA:119,20014
DA:124,20014
DA:125,20014
DA:126,20014
DA:127,20014
DA:128,20014
DA:130,20014
DA:134,0
DA:138,0
DA:139,0
DA:140,0
DA:141,0
DA:142,0
DA:143,0
DA:145,0
DA:151,0
DA:156,0
DA:157,0
DA:163,0
DA:164,0
DA:165,0
DA:166,0
DA:168,0
DA:169,0
DA:170,0
DA:171,0
DA:173,0
DA:174,0
DA:175,0
DA:176,0
DA:177,0
DA:178,0
DA:180,0
DA:181,0
DA:182,0
DA:183,0
DA:184,0
DA:186,0
DA:187,0
DA:189,0
DA:192,0
DA:195,0
DA:196,0
DA:201,0
DA:202,0
DA:204,0
DA:206,0
DA:207,0
DA:209,0
DA:213,0
DA:217,0
DA:220,0
DA:221,0
DA:224,0
DA:225,0
DA:226,0
DA:227,0
DA:229,0
DA:230,0
DA:231,0
DA:233,0
DA:234,0
DA:235,0
DA:237,0
DA:241,0
DA:243,0
DA:244,0
DA:245,0
DA:246,0
DA:247,0
DA:248,0
DA:249,0
DA:251,0
DA:253,0
DA:254,0
DA:255,0
DA:256,0
DA:258,0
DA:260,0
DA:264,0
DA:269,0
DA:270,0
DA:274,0
DA:278,0
DA:279,0
DA:283,20014
DA:292,20014
DA:293,0
DA:296,20014
DA:297,20014
DA:298,20014
DA:300,20014
DA:301,0
DA:304,20014
DA:305,20014
DA:306,20014
DA:308,20014
DA:309,20014
DA:310,20014
DA:311,20014
DA:312,20014
DA:313,20014
DA:314,20014
DA:315,0
DA:318,20014
DA:319,20014
DA:321,0
DA:323,20014
DA:324,20014
DA:325,0
DA:327,20014
DA:328,20014
DA:329,0
DA:330,0
DA:332,20014
DA:333,20014
DA:335,0
DA:337,20014
DA:341,0
DA:346,0
DA:349,0
DA:350,0
DA:353,0
DA:354,0
DA:355,0
DA:357,0
DA:358,0
DA:361,0
DA:362,0
DA:363,0
DA:365,0
DA:366,0
DA:367,0
DA:368,0
DA:369,0
DA:370,0
DA:371,0
DA:372,0
DA:373,0
DA:374,0
DA:375,0
DA:376,0
DA:377,0
DA:378,0
DA:380,0
DA:383,0
DA:384,0
DA:389,0
DA:396,0
DA:397,0
DA:400,0
DA:401,0
DA:403,0
DA:404,0
DA:406,0
DA:407,0
DA:409,0
DA:410,0
DA:412,0
DA:413,0
DA:414,0
DA:415,0
DA:419,0
DA:425,0
DA:426,0
DA:429,0
DA:430,0
DA:432,0
DA:433,0
DA:435,0
DA:436,0
DA:438,0
DA:439,0
DA:441,0
DA:442,0
DA:443,0
DA:444,0
DA:445,0
DA:450,0
DA:459,0
DA:460,0
DA:463,0
DA:464,0
DA:466,0
DA:468,0
DA:469,0
DA:470,0
DA:472,0
DA:474,0
DA:475,0
DA:476,0
DA:477,0
DA:479,0
DA:480,0
DA:481,0
DA:482,0
DA:483,0
DA:485,0
DA:486,0
DA:488,0
DA:491,0
DA:493,0
DA:499,0
DA:503,0
DA:506,0
DA:507,0
DA:510,0
DA:511,0
DA:512,0
DA:513,0
DA:514,0
DA:516,0
DA:518,0
DA:519,0
DA:521,0
DA:522,0
DA:523,0
DA:524,0
DA:526,0
DA:528,0
DA:531,0
DA:534,0
DA:535,0
end_of_record
TN:
SF:/home/liyuan/tmp/libsmb2/lib/smb2-data-reparse-point.c
FN:57,smb2_decode_reparse_data_buffer
FNDA:0,smb2_decode_reparse_data_buffer
DA:57,0
DA:65,0
DA:66,0
DA:69,0
DA:70,0
DA:72,0
DA:73,0
DA:75,0
DA:76,0
DA:77,0
DA:78,0
DA:80,0
DA:82,0
DA:83,0
DA:84,0
DA:85,0
DA:88,0
DA:90,0
DA:91,0
DA:92,0
DA:93,0
DA:94,0
DA:96,0
DA:97,0
DA:99,0
DA:100,0
DA:101,0
DA:102,0
DA:104,0
DA:106,0
DA:107,0
DA:108,0
DA:109,0
DA:110,0
DA:112,0
DA:113,0
DA:116,0
end_of_record
TN:
SF:/home/liyuan/tmp/libsmb2/lib/spnego-wrapper.c
FN:91,oid_compare
FNDA:660,oid_compare
FN:110,smb2_spnego_create_negotiate_reply_blob
FNDA:0,smb2_spnego_create_negotiate_reply_blob
FN:178,smb2_spnego_wrap_gssapi
FNDA:0,smb2_spnego_wrap_gssapi
FN:269,smb2_spnego_wrap_ntlmssp_challenge
FNDA:0,smb2_spnego_wrap_ntlmssp_challenge
FN:343,smb2_spnego_wrap_ntlmssp_auth
FNDA:0,smb2_spnego_wrap_ntlmssp_auth
FN:398,smb2_spnego_wrap_authenticate_result
FNDA:0,smb2_spnego_wrap_authenticate_result
FN:469,smb2_spnego_unwrap_targ
FNDA:0,smb2_spnego_unwrap_targ
FN:525,smb2_spnego_unwrap_gssapi
FNDA:165,smb2_spnego_unwrap_gssapi
FN:597,smb2_spnego_unwrap_blob
FNDA:149,smb2_spnego_unwrap_blob
DA:91,660
DA:95,660
DA:96,330
DA:98,3135
DA:99,2805
DA:100,0
DA:102,2805
DA:103,0
DA:106,330
DA:110,0
DA:117,0
DA:118,0
DA:119,0
DA:120,0
DA:121,0
DA:124,0
DA:125,0
DA:126,0
DA:127,0
DA:129,0
DA:131,0
DA:132,0
DA:135,0
DA:137,0
DA:139,0
DA:140,0
DA:142,0
DA:144,0
DA:145,0
DA:148,0
DA:150,0
DA:151,0
DA:153,0
DA:155,0
DA:156,0
DA:164,0
DA:166,0
DA:168,0
DA:169,0
DA:170,0
DA:171,0
DA:172,0
DA:174,0
DA:175,0
DA:178,0
DA:187,0
DA:188,0
DA:189,0
DA:190,0
DA:191,0
DA:194,0
DA:195,0
DA:196,0
DA:197,0
DA:200,0
DA:202,0
DA:203,0
DA:206,0
DA:209,0
DA:211,0
DA:212,0
DA:215,0
DA:217,0
DA:218,0
DA:221,0
DA:223,0
DA:224,0
DA:227,0
DA:229,0
DA:230,0
DA:233,0
DA:236,0
DA:239,0
DA:241,0
DA:243,0
DA:245,0
DA:246,0
DA:249,0
DA:251,0
DA:252,0
DA:254,0
DA:255,0
DA:257,0
DA:259,0
DA:260,0
DA:261,0
DA:262,0
DA:264,0
DA:265,0
DA:269,0
DA:276,0
DA:278,0
DA:279,0
DA:280,0
DA:281,0
DA:282,0
DA:285,0
DA:286,0
DA:287,0
DA:288,0
DA:290,0
DA:292,0
DA:293,0
DA:295,0
DA:297,0
DA:298,0
DA:302,0
DA:304,0
DA:305,0
DA:307,0
DA:308,0
DA:311,0
DA:313,0
DA:314,0
DA:316,0
DA:317,0
DA:320,0
DA:322,0
DA:323,0
DA:325,0
DA:327,0
DA:328,0
DA:330,0
DA:331,0
DA:333,0
DA:334,0
DA:335,0
DA:336,0
DA:338,0
DA:339,0
DA:343,0
DA:351,0
DA:352,0
DA:353,0
DA:354,0
DA:355,0
DA:358,0
DA:359,0
DA:360,0
DA:361,0
DA:363,0
DA:365,0
DA:366,0
DA:368,0
DA:370,0
DA:371,0
DA:375,0
DA:377,0
DA:378,0
DA:380,0
DA:382,0
DA:383,0
DA:385,0
DA:386,0
DA:388,0
DA:389,0
DA:390,0
DA:391,0
DA:393,0
DA:394,0
DA:398,0
DA:404,0
DA:406,0
DA:407,0
DA:408,0
DA:409,0
DA:410,0
DA:413,0
DA:414,0
DA:417,0
DA:418,0
DA:419,0
DA:420,0
DA:422,0
DA:424,0
DA:425,0
DA:427,0
DA:429,0
DA:430,0
DA:434,0
DA:436,0
DA:437,0
DA:439,0
DA:440,0
DA:442,0
DA:443,0
DA:445,0
DA:446,0
DA:469,0
DA:477,0
DA:478,0
DA:479,0
DA:482,0
DA:483,0
DA:484,0
DA:485,0
DA:487,0
DA:488,0
DA:489,0
DA:490,0
DA:491,0
DA:492,0
DA:493,0
DA:494,0
DA:495,0
DA:497,0
DA:498,0
DA:499,0
DA:500,0
DA:502,0
DA:503,0
DA:504,0
DA:505,0
DA:507,0
DA:508,0
DA:509,0
DA:510,0
DA:512,0
DA:513,0
DA:514,0
DA:517,0
DA:519,0
DA:520,0
DA:521,0
DA:525,165
DA:535,165
DA:539,165
DA:540,165
DA:541,165
DA:542,165
DA:544,165
DA:546,165
DA:547,165
DA:548,165
DA:549,165
DA:551,165
DA:552,165
DA:553,165
DA:554,165
DA:555,165
DA:557,330
DA:558,165
DA:559,165
DA:560,165
DA:561,165
DA:562,165
DA:563,0
DA:564,165
DA:565,0
DA:566,165
DA:567,165
DA:570,165
DA:571,165
DA:574,165
DA:575,0
DA:576,0
DA:577,0
DA:578,0
DA:580,0
DA:581,0
DA:582,0
DA:584,0
DA:586,165
DA:589,0
DA:590,0
DA:591,0
DA:593,0
DA:597,149
DA:605,149
DA:606,149
DA:608,149
DA:609,0
DA:612,149
DA:613,149
DA:614,149
DA:618,0
DA:619,0
DA:621,0
DA:625,0
DA:626,0
DA:629,0
DA:632,0
end_of_record
TN:
SF:/home/liyuan/tmp/libsmb2/lib/smb2-cmd-echo.c
FN:57,smb2_encode_echo_request
FNDA:0,smb2_encode_echo_request
FN:84,smb2_cmd_echo_async
FNDA:0,smb2_cmd_echo_async
FN:108,smb2_encode_echo_reply
FNDA:0,smb2_encode_echo_reply
FN:134,smb2_cmd_echo_reply_async
FNDA:0,smb2_cmd_echo_reply_async
FN:158,smb2_process_echo_fixed
FNDA:0,smb2_process_echo_fixed
FN:178,smb2_process_echo_request_fixed
FNDA:0,smb2_process_echo_request_fixed
DA:57,0
DA:64,0
DA:66,0
DA:67,0
DA:68,0
DA:69,0
DA:72,0
DA:73,0
DA:74,0
DA:75,0
DA:78,0
DA:80,0
DA:84,0
DA:89,0
DA:90,0
DA:91,0
DA:94,0
DA:95,0
DA:96,0
DA:99,0
DA:100,0
DA:101,0
DA:104,0
DA:108,0
DA:115,0
DA:117,0
DA:118,0
DA:119,0
DA:120,0
DA:123,0
DA:124,0
DA:125,0
DA:126,0
DA:129,0
DA:130,0
DA:134,0
DA:139,0
DA:140,0
DA:141,0
DA:144,0
DA:145,0
DA:146,0
DA:149,0
DA:150,0
DA:151,0
DA:154,0
DA:158,0
DA:161,0
DA:164,0
DA:165,0
DA:166,0
DA:167,0
DA:170,0
DA:171,0
DA:174,0
DA:178,0
DA:182,0
DA:185,0
DA:186,0
DA:187,0
DA:188,0
DA:191,0
DA:192,0
DA:194,0
DA:195,0
DA:196,0
DA:197,0
DA:199,0
DA:200,0
end_of_record
TN:
SF:/home/liyuan/tmp/libsmb2/lib/smb2-cmd-read.c
FN:59,smb2_encode_read_request
FNDA:60,smb2_encode_read_request
FN:138,smb2_cmd_read_async
FNDA:60,smb2_cmd_read_async
FN:183,smb2_encode_read_reply
FNDA:0,smb2_encode_read_reply
FN:222,smb2_cmd_read_reply_async
FNDA:0,smb2_cmd_read_reply_async
FN:247,smb2_process_read_fixed
FNDA:36,smb2_process_read_fixed
FN:291,free_read_reply
FNDA:0,free_read_reply
FN:304,smb2_process_read_variable
FNDA:34,smb2_process_read_variable
FN:324,smb2_process_read_request_fixed
FNDA:0,smb2_process_read_request_fixed
FN:382,smb2_process_read_request_variable
FNDA:0,smb2_process_read_request_variable
DA:59,60
DA:67,60
DA:68,60
DA:69,60
DA:70,0
DA:71,0
DA:74,60
DA:75,60
DA:76,0
DA:79,60
DA:80,0
DA:81,0
DA:83,60
DA:84,60
DA:85,60
DA:86,60
DA:87,60
DA:88,60
DA:89,60
DA:90,60
DA:91,60
DA:93,60
DA:94,0
DA:95,0
DA:96,0
DA:98,0
DA:100,0
DA:101,0
DA:102,0
DA:103,0
DA:104,0
DA:106,0
DA:107,0
DA:108,0
DA:109,0
DA:113,0
DA:114,0
DA:118,0
DA:119,0
DA:126,60
DA:129,60
DA:130,0
DA:134,60
DA:138,60
DA:144,60
DA:145,60
DA:146,0
DA:149,60
DA:150,0
DA:151,0
DA:155,60
DA:156,60
DA:158,0
DA:159,0
DA:160,0
DA:163,60
DA:164,0
DA:165,0
DA:169,60
DA:170,0
DA:171,0
DA:175,60
DA:176,60
DA:179,60
DA:183,0
DA:191,0
DA:192,0
DA:193,0
DA:194,0
DA:195,0
DA:198,0
DA:199,0
DA:200,0
DA:203,0
DA:204,0
DA:205,0
DA:207,0
DA:208,0
DA:209,0
DA:210,0
DA:212,0
DA:213,0
DA:214,0
DA:218,0
DA:222,0
DA:228,0
DA:229,0
DA:230,0
DA:233,0
DA:234,0
DA:235,0
DA:238,0
DA:239,0
DA:240,0
DA:243,0
DA:247,36
DA:251,36
DA:254,36
DA:255,36
DA:256,0
DA:259,0
DA:260,0
DA:263,36
DA:264,36
DA:265,0
DA:266,0
DA:268,36
DA:270,36
DA:271,36
DA:272,36
DA:274,36
DA:275,36
DA:276,0
DA:279,36
DA:280,0
DA:282,0
DA:283,0
DA:284,0
DA:285,0
DA:288,36
DA:291,0
DA:293,0
DA:294,0
DA:297,0
DA:298,0
DA:299,0
DA:304,34
DA:307,34
DA:308,34
DA:310,34
DA:311,0
DA:312,0
DA:316,34
DA:318,34
DA:324,0
DA:328,0
DA:331,0
DA:332,0
DA:333,0
DA:336,0
DA:337,0
DA:340,0
DA:341,0
DA:342,0
DA:343,0
DA:345,0
DA:347,0
DA:348,0
DA:349,0
DA:350,0
DA:351,0
DA:352,0
DA:353,0
DA:354,0
DA:355,0
DA:356,0
DA:358,0
DA:360,0
DA:361,0
DA:362,0
DA:363,0
DA:364,0
DA:367,0
DA:368,0
DA:371,0
DA:372,0
DA:373,0
DA:374,0
DA:375,0
DA:378,0
DA:382,0
DA:385,0
DA:386,0
DA:388,0
DA:389,0
end_of_record
TN:
SF:/home/liyuan/tmp/libsmb2/lib/aes.c
FN:27,AES128_ECB_encrypt
FNDA:1722,AES128_ECB_encrypt
DA:27,1722
DA:31,1722
DA:33,1722
end_of_record
TN:
SF:/home/liyuan/tmp/libsmb2/lib/md5.c
FN:57,MD5Init
FNDA:894,MD5Init
FN:73,MD5Update
FNDA:1788,MD5Update
FN:113,MD5Final
FNDA:894,MD5Final
FN:166,MD5Transform
FNDA:2235,MD5Transform
DA:57,894
DA:59,894
DA:60,894
DA:61,894
DA:62,894
DA:64,894
DA:65,894
DA:66,894
DA:73,1788
DA:79,1788
DA:80,1788
DA:81,0
DA:83,1788
DA:84,1788
DA:85,745
DA:86,745
DA:89,1043
DA:91,1043
DA:92,1043
DA:93,1043
DA:96,1341
DA:97,298
DA:99,298
DA:100,298
DA:101,298
DA:105,1043
DA:113,894
DA:115,894
DA:116,894
DA:119,894
DA:122,894
DA:124,894
DA:125,0
DA:127,0
DA:128,0
DA:129,0
DA:131,894
DA:135,894
DA:136,894
DA:137,894
DA:140,894
DA:141,894
DA:142,894
DA:166,2235
DA:170,2235
DA:171,2235
DA:172,2235
DA:173,2235
DA:175,2235
DA:176,2235
DA:177,2235
DA:178,2235
DA:179,2235
DA:180,2235
DA:181,2235
DA:182,2235
DA:183,2235
DA:184,2235
DA:185,2235
DA:186,2235
DA:187,2235
DA:188,2235
DA:189,2235
DA:190,2235
DA:192,2235
DA:193,2235
DA:194,2235
DA:195,2235
DA:196,2235
DA:197,2235
DA:198,2235
DA:199,2235
DA:200,2235
DA:201,2235
DA:202,2235
DA:203,2235
DA:204,2235
DA:205,2235
DA:206,2235
DA:207,2235
DA:209,2235
DA:210,2235
DA:211,2235
DA:212,2235
DA:213,2235
DA:214,2235
DA:215,2235
DA:216,2235
DA:217,2235
DA:218,2235
DA:219,2235
DA:220,2235
DA:221,2235
DA:222,2235
DA:223,2235
DA:224,2235
DA:226,2235
DA:227,2235
DA:228,2235
DA:229,2235
DA:230,2235
DA:231,2235
DA:232,2235
DA:233,2235
DA:234,2235
DA:235,2235
DA:236,2235
DA:237,2235
DA:238,2235
DA:239,2235
DA:240,2235
DA:241,2235
DA:243,2235
DA:244,2235
DA:245,2235
DA:246,2235
DA:247,2235
end_of_record
TN:
SF:/home/liyuan/tmp/libsmb2/lib/asn1-ber.c
FN:64,asn1ber_next_byte
FNDA:4950,asn1ber_next_byte
FN:75,asn1ber_out_byte
FNDA:0,asn1ber_out_byte
FN:85,asn1ber_save_out_state
FNDA:0,asn1ber_save_out_state
FN:95,asn1ber_annotate_length
FNDA:0,asn1ber_annotate_length
FN:127,asn1ber_length_from_ber
FNDA:1155,asn1ber_length_from_ber
FN:172,ber_typecode_from_ber
FNDA:825,ber_typecode_from_ber
FN:200,ber_typelen_from_ber
FNDA:825,ber_typelen_from_ber
FN:212,asn1ber_request_from_ber
FNDA:0,asn1ber_request_from_ber
FN:225,asn1ber_struct_from_ber
FNDA:0,asn1ber_struct_from_ber
FN:243,asn1ber_null_from_ber
FNDA:0,asn1ber_null_from_ber
FN:261,asn1ber_int32_from_ber
FNDA:0,asn1ber_int32_from_ber
FN:337,asn1ber_uint32_from_ber
FNDA:0,asn1ber_uint32_from_ber
FN:403,asn1ber_int64_from_ber
FNDA:0,asn1ber_int64_from_ber
FN:478,asn1ber_uint64_from_ber
FNDA:0,asn1ber_uint64_from_ber
FN:538,asn1ber_oid_from_ber
FNDA:330,asn1ber_oid_from_ber
FN:625,asn1ber_bytes_from_ber
FNDA:0,asn1ber_bytes_from_ber
FN:679,asn1ber_string_from_ber
FNDA:0,asn1ber_string_from_ber
FN:684,asn1ber_ber_from_length
FNDA:0,asn1ber_ber_from_length
FN:729,asn1ber_ber_reserve_length
FNDA:0,asn1ber_ber_reserve_length
FN:744,asn1ber_ber_from_typecode
FNDA:0,asn1ber_ber_from_typecode
FN:749,asn1ber_ber_from_typelen
FNDA:0,asn1ber_ber_from_typelen
FN:768,asn1ber_ber_from_int32
FNDA:0,asn1ber_ber_from_int32
FN:816,asn1ber_ber_from_uint32
FNDA:0,asn1ber_ber_from_uint32
FN:847,asn1ber_ber_from_int64
FNDA:0,asn1ber_ber_from_int64
FN:896,asn1ber_ber_from_uint64
FNDA:0,asn1ber_ber_from_uint64
FN:928,asn1ber_ber_from_single_oid
FNDA:0,asn1ber_ber_from_single_oid
FN:979,asn1ber_ber_from_oid
FNDA:0,asn1ber_ber_from_oid
FN:1052,asn1ber_ber_from_bytes
FNDA:0,asn1ber_ber_from_bytes
FN:1074,asn1ber_ber_from_string
FNDA:0,asn1ber_ber_from_string
DA:64,4950
DA:66,4950
DA:67,0
DA:70,4950
DA:71,4950
DA:72,4950
DA:75,0
DA:77,0
DA:78,0
DA:81,0
DA:82,0
DA:85,0
DA:87,0
DA:88,0
DA:91,0
DA:92,0
DA:95,0
DA:101,0
DA:102,0
DA:106,0
DA:107,0
DA:109,0
DA:112,0
DA:113,0
DA:115,0
DA:118,0
DA:120,0
DA:123,0
DA:124,0
DA:127,1155
DA:130,1155
DA:133,1155
DA:134,1155
DA:136,0
DA:138,1155
DA:142,0
DA:145,0
DA:146,0
DA:148,0
DA:149,0
DA:151,0
DA:153,0
DA:154,0
DA:156,0
DA:158,0
DA:159,0
DA:160,0
DA:166,1155
DA:168,1155
DA:169,1155
DA:172,825
DA:175,825
DA:177,825
DA:178,825
DA:180,0
DA:182,825
DA:184,825
DA:185,825
DA:187,0
DA:188,0
DA:190,0
DA:192,0
DA:194,0
DA:196,0
DA:197,0
DA:200,825
DA:204,825
DA:205,825
DA:207,0
DA:209,825
DA:212,0
DA:216,0
DA:217,0
DA:219,0
DA:222,0
DA:225,0
DA:230,0
DA:231,0
DA:233,0
DA:235,0
DA:237,0
DA:238,0
DA:240,0
DA:243,0
DA:248,0
DA:249,0
DA:251,0
DA:253,0
DA:255,0
DA:256,0
DA:258,0
DA:261,0
DA:266,0
DA:268,0
DA:271,0
DA:272,0
DA:274,0
DA:276,0
DA:278,0
DA:280,0
DA:281,0
DA:282,0
DA:283,0
DA:286,0
DA:287,0
DA:289,0
DA:291,0
DA:292,0
DA:294,0
DA:295,0
DA:296,0
DA:298,0
DA:300,0
DA:301,0
DA:302,0
DA:305,0
DA:306,0
DA:308,0
DA:310,0
DA:312,0
DA:316,0
DA:318,0
DA:319,0
DA:320,0
DA:322,0
DA:324,0
DA:325,0
DA:327,0
DA:329,0
DA:330,0
DA:331,0
DA:333,0
DA:334,0
DA:337,0
DA:342,0
DA:344,0
DA:347,0
DA:348,0
DA:350,0
DA:352,0
DA:354,0
DA:362,0
DA:363,0
DA:364,0
DA:365,0
DA:368,0
DA:369,0
DA:371,0
DA:373,0
DA:374,0
DA:376,0
DA:377,0
DA:378,0
DA:380,0
DA:382,0
DA:383,0
DA:384,0
DA:387,0
DA:388,0
DA:390,0
DA:391,0
DA:393,0
DA:395,0
DA:396,0
DA:397,0
DA:399,0
DA:400,0
DA:403,0
DA:408,0
DA:410,0
DA:413,0
DA:414,0
DA:416,0
DA:418,0
DA:420,0
DA:421,0
DA:422,0
DA:423,0
DA:424,0
DA:427,0
DA:428,0
DA:430,0
DA:432,0
DA:433,0
DA:435,0
DA:436,0
DA:437,0
DA:439,0
DA:441,0
DA:442,0
DA:443,0
DA:446,0
DA:447,0
DA:449,0
DA:451,0
DA:453,0
DA:457,0
DA:459,0
DA:460,0
DA:461,0
DA:463,0
DA:465,0
DA:466,0
DA:468,0
DA:470,0
DA:471,0
DA:472,0
DA:474,0
DA:475,0
DA:478,0
DA:483,0
DA:485,0
DA:488,0
DA:489,0
DA:491,0
DA:493,0
DA:495,0
DA:497,0
DA:498,0
DA:499,0
DA:500,0
DA:503,0
DA:504,0
DA:506,0
DA:508,0
DA:509,0
DA:511,0
DA:512,0
DA:513,0
DA:515,0
DA:517,0
DA:518,0
DA:519,0
DA:522,0
DA:523,0
DA:525,0
DA:526,0
DA:528,0
DA:530,0
DA:531,0
DA:532,0
DA:534,0
DA:535,0
DA:538,330
DA:544,330
DA:546,330
DA:549,330
DA:550,330
DA:552,0
DA:554,330
DA:556,0
DA:557,0
DA:560,330
DA:561,330
DA:563,0
DA:565,330
DA:567,0
DA:568,0
DA:570,330
DA:572,0
DA:573,0
DA:576,330
DA:577,330
DA:579,0
DA:584,330
DA:585,330
DA:586,330
DA:587,330
DA:592,330
DA:593,2475
DA:595,2145
DA:596,2145
DA:598,0
DA:600,2145
DA:601,2145
DA:603,2310
DA:605,165
DA:606,165
DA:608,0
DA:610,165
DA:611,165
DA:612,165
DA:614,2145
DA:616,330
DA:618,0
DA:619,0
DA:621,330
DA:622,330
DA:625,0
DA:630,0
DA:633,0
DA:634,0
DA:636,0
DA:638,0
DA:640,0
DA:641,0
DA:644,0
DA:645,0
DA:647,0
DA:649,0
DA:651,0
DA:652,0
DA:654,0
DA:656,0
DA:657,0
DA:658,0
DA:661,0
DA:663,0
DA:664,0
DA:666,0
DA:668,0
DA:671,0
DA:673,0
DA:675,0
DA:676,0
DA:679,0
DA:681,0
DA:684,0
DA:687,0
DA:689,0
DA:691,0
DA:692,0
DA:694,0
DA:696,0
DA:703,0
DA:705,0
DA:707,0
DA:708,0
DA:710,0
DA:712,0
DA:714,0
DA:716,0
DA:717,0
DA:719,0
DA:721,0
DA:722,0
DA:725,0
DA:726,0
DA:729,0
DA:733,0
DA:735,0
DA:736,0
DA:738,0
DA:741,0
DA:744,0
DA:746,0
DA:749,0
DA:754,0
DA:755,0
DA:757,0
DA:759,0
DA:760,0
DA:762,0
DA:764,0
DA:765,0
DA:768,0
DA:774,0
DA:776,0
DA:778,0
DA:780,0
DA:782,0
DA:784,0
DA:790,0
DA:792,0
DA:794,0
DA:796,0
DA:799,0
DA:800,0
DA:802,0
DA:804,0
DA:806,0
DA:807,0
DA:809,0
DA:811,0
DA:813,0
DA:816,0
DA:822,0
DA:824,0
DA:826,0
DA:828,0
DA:830,0
DA:831,0
DA:833,0
DA:835,0
DA:837,0
DA:838,0
DA:840,0
DA:842,0
DA:844,0
DA:847,0
DA:854,0
DA:856,0
DA:858,0
DA:860,0
DA:862,0
DA:864,0
DA:870,0
DA:872,0
DA:874,0
DA:876,0
DA:879,0
DA:880,0
DA:882,0
DA:884,0
DA:886,0
DA:887,0
DA:889,0
DA:891,0
DA:893,0
DA:896,0
DA:903,0
DA:905,0
DA:907,0
DA:909,0
DA:911,0
DA:912,0
DA:914,0
DA:916,0
DA:918,0
DA:919,0
DA:921,0
DA:923,0
DA:925,0
DA:928,0
DA:933,0
DA:934,0
DA:935,0
DA:936,0
DA:937,0
DA:938,0
DA:939,0
DA:940,0
DA:941,0
DA:943,0
DA:945,0
DA:946,0
DA:948,0
DA:951,0
DA:953,0
DA:954,0
DA:956,0
DA:959,0
DA:961,0
DA:962,0
DA:964,0
DA:967,0
DA:969,0
DA:970,0
DA:972,0
DA:975,0
DA:976,0
DA:979,0
DA:986,0
DA:988,0
DA:989,0
DA:991,0
DA:993,0
DA:994,0
DA:996,0
DA:997,0
DA:999,0
DA:1007,0
DA:1010,0
DA:1013,0
DA:1014,0
DA:1016,0
DA:1018,0
DA:1020,0
DA:1022,0
DA:1023,0
DA:1025,0
DA:1027,0
DA:1031,0
DA:1036,0
DA:1038,0
DA:1040,0
DA:1041,0
DA:1043,0
DA:1045,0
DA:1048,0
DA:1049,0
DA:1052,0
DA:1058,0
DA:1059,0
DA:1061,0
DA:1063,0
DA:1065,0
DA:1066,0
DA:1068,0
DA:1071,0
DA:1074,0
DA:1076,0
end_of_record
TN:
SF:/home/liyuan/tmp/libsmb2/lib/md4c.c
FN:93,MD4Init
FNDA:149,MD4Init
FN:109,MD4Update
FNDA:447,MD4Update
FN:147,MD4Final
FNDA:149,MD4Final
FN:174,MD4Transform
FNDA:149,MD4Transform
FN:247,Encode
FNDA:298,Encode
FN:262,Decode
FNDA:149,Decode
FN:273,MD4_memcpy
FNDA:596,MD4_memcpy
FN:283,MD4_memset
FNDA:298,MD4_memset
DA:93,149
DA:95,149
DA:99,149
DA:100,149
DA:101,149
DA:102,149
DA:103,149
DA:109,447
DA:114,447
DA:116,447
DA:117,447
DA:118,0
DA:119,447
DA:121,447
DA:125,447
DA:126,149
DA:128,149
DA:130,149
DA:131,0
DA:133,149
DA:136,298
DA:139,447
DA:142,447
DA:147,149
DA:153,149
DA:157,149
DA:158,149
DA:159,149
DA:162,149
DA:164,149
DA:168,149
DA:170,149
DA:174,149
DA:176,149
DA:178,149
DA:181,149
DA:182,149
DA:183,149
DA:184,149
DA:185,149
DA:186,149
DA:187,149
DA:188,149
DA:189,149
DA:190,149
DA:191,149
DA:192,149
DA:193,149
DA:194,149
DA:195,149
DA:196,149
DA:199,149
DA:200,149
DA:201,149
DA:202,149
DA:203,149
DA:204,149
DA:205,149
DA:206,149
DA:207,149
DA:208,149
DA:209,149
DA:210,149
DA:211,149
DA:212,149
DA:213,149
DA:214,149
DA:217,149
DA:218,149
DA:219,149
DA:220,149
DA:221,149
DA:222,149
DA:223,149
DA:224,149
DA:225,149
DA:226,149
DA:227,149
DA:228,149
DA:229,149
DA:230,149
DA:231,149
DA:232,149
DA:234,149
DA:235,149
DA:236,149
DA:237,149
DA:241,149
DA:242,149
DA:247,298
DA:251,1192
DA:252,894
DA:253,894
DA:254,894
DA:255,894
DA:257,298
DA:262,149
DA:266,2533
DA:267,2384
DA:268,2384
DA:269,149
DA:273,596
DA:277,10132
DA:278,9536
DA:279,596
DA:283,298
DA:287,22946
DA:288,22648
DA:289,298
end_of_record
TN:
SF:/usr/include/x86_64-linux-gnu/bits/uintn-identity.h
FN:33,__uint16_identity
FNDA:896906,__uint16_identity
FN:39,__uint32_identity
FNDA:1194021,__uint32_identity
FN:45,__uint64_identity
FNDA:665951,__uint64_identity
DA:33,896906
DA:35,896906
DA:39,1194021
DA:41,1194021
DA:45,665951
DA:47,665951
end_of_record
SF:/home/liyuan/tmp/libsmb2/lib/pdu.c
FN:62,smb2_pad_to_64bit
FNDA:60996,smb2_pad_to_64bit
FN:86,smb2_allocate_pdu
FNDA:60996,smb2_allocate_pdu
FN:182,smb2_select_tree_id
FNDA:0,smb2_select_tree_id
FN:206,smb2_get_tree_id_for_pdu
FNDA:0,smb2_get_tree_id_for_pdu
FN:234,smb2_set_tree_id_for_pdu
FNDA:0,smb2_set_tree_id_for_pdu
FN:258,smb2_get_session_id
FNDA:0,smb2_get_session_id
FN:266,smb2_connect_tree_id
FNDA:117,smb2_connect_tree_id
FN:280,smb2_disconnect_tree_id
FNDA:12,smb2_disconnect_tree_id
FN:312,smb2_pdu_is_compound
FNDA:0,smb2_pdu_is_compound
FN:319,smb2_add_compound_pdu
FNDA:40014,smb2_add_compound_pdu
FN:344,smb2_free_pdu
FNDA:60996,smb2_free_pdu
FN:376,smb2_set_uint8
FNDA:86476,smb2_set_uint8
FN:386,smb2_set_uint16
FNDA:389399,smb2_set_uint16
FN:396,smb2_set_uint32
FNDA:627423,smb2_set_uint32
FN:406,smb2_set_uint64
FNDA:142491,smb2_set_uint64
FN:417,smb2_get_uint8
FNDA:80388,smb2_get_uint8
FN:427,smb2_get_uint16
FNDA:507507,smb2_get_uint16
FN:440,smb2_get_uint32
FNDA:566598,smb2_get_uint32
FN:453,smb2_get_uint64
FNDA:523460,smb2_get_uint64
FN:466,smb2_encode_header
FNDA:60996,smb2_encode_header
FN:503,smb2_decode_header
FNDA:60889,smb2_decode_header
FN:580,smb2_add_to_outqueue
FNDA:20982,smb2_add_to_outqueue
FN:593,smb2_correlate_reply
FNDA:0,smb2_correlate_reply
FN:669,smb2_queue_pdu
FNDA:20982,smb2_queue_pdu
FN:723,smb2_get_compound_pdu
FNDA:0,smb2_get_compound_pdu
FN:734,smb2_set_pdu_status
FNDA:0,smb2_set_pdu_status
FN:740,smb2_set_pdu_message_id
FNDA:0,smb2_set_pdu_message_id
FN:746,smb2_get_pdu_message_id
FNDA:0,smb2_get_pdu_message_id
FN:755,smb2_get_last_request_message_id
FNDA:0,smb2_get_last_request_message_id
FN:764,smb2_get_last_reply_message_id
FNDA:0,smb2_get_last_reply_message_id
FN:773,smb2_find_pdu
FNDA:100903,smb2_find_pdu
FN:786,smb2_is_error_response
FNDA:142125,smb2_is_error_response
FN:809,smb2_get_fixed_reply_size
[...]
DA:162,35
DA:163,0
DA:164,0
DA:167,35
DA:168,35
DA:170,35
DA:176,22
DA:179,22
DA:181,22
DA:182,13
DA:184,9
DA:185,2
DA:187,9
DA:188,9
DA:191,25
DA:197,25
DA:198,25
DA:199,0
DA:200,0
DA:203,25
DA:204,25
DA:205,0
DA:206,0
DA:207,0
DA:210,25
DA:211,17
DA:212,17
DA:213,17
DA:216,8
DA:217,8
DA:219,6
DA:221,2
DA:223,8
DA:224,8
DA:230,34
DA:233,34
DA:235,34
DA:236,34
DA:237,34
DA:239,40
DA:245,40
DA:246,40
DA:247,0
DA:248,0
DA:251,40
DA:252,40
DA:253,0
DA:254,0
DA:255,0
DA:258,40
DA:259,8
DA:260,8
DA:261,8
DA:264,32
DA:265,32
DA:266,32
DA:267,32
DA:268,32
DA:274,30
DA:277,30
DA:279,30
DA:280,6
DA:282,24
DA:283,0
DA:284,0
DA:287,24
DA:288,24
DA:291,30
DA:294,30
DA:296,30
DA:297,30
DA:298,0
DA:299,0
DA:302,30
DA:303,30
DA:304,0
DA:307,30
DA:308,30
DA:309,8
DA:310,8
DA:313,22
DA:314,30
DA:315,30
DA:317,30
DA:323,0
DA:326,0
DA:328,0
DA:329,0
DA:330,0
DA:333,0
DA:334,0
DA:337,0
DA:340,0
DA:342,0
DA:343,0
DA:344,0
DA:345,0
DA:348,0
DA:349,0
DA:350,0
DA:353,0
DA:354,0
DA:355,0
DA:356,0
DA:359,0
DA:360,0
DA:361,0
DA:363,0
DA:369,57
DA:372,57
DA:374,57
DA:375,7
DA:376,7
DA:379,50
DA:380,50
DA:383,13
DA:387,13
DA:389,13
DA:390,13
DA:391,0
DA:392,0
DA:395,13
DA:397,13
DA:398,0
DA:401,13
DA:402,13
DA:403,5
DA:404,1
DA:406,4
DA:407,4
DA:410,8
DA:411,9
DA:412,9
DA:414,9
DA:417,16
DA:421,16
DA:423,16
DA:424,16
DA:425,0
DA:426,0
DA:429,16
DA:431,16
DA:432,0
DA:435,16
DA:436,16
DA:437,4
DA:438,1
DA:440,3
DA:441,3
DA:444,12
DA:445,13
DA:446,13
DA:448,13
DA:451,0
DA:455,0
DA:457,0
DA:458,0
DA:459,0
DA:460,0
DA:463,0
DA:465,0
DA:466,0
DA:469,0
DA:470,0
DA:471,0
DA:472,0
DA:475,0
DA:476,0
DA:477,0
DA:479,0
DA:482,0
DA:486,0
DA:488,0
DA:489,0
DA:490,0
DA:491,0
DA:494,0
DA:496,0
DA:497,0
DA:500,0
DA:501,0
DA:502,0
DA:503,0
DA:506,0
DA:507,0
DA:508,0
DA:510,0
DA:513,0
DA:516,0
DA:518,0
DA:519,0
DA:520,0
DA:521,0
DA:524,0
DA:526,0
DA:527,0
DA:530,0
DA:531,0
DA:532,0
DA:533,0
DA:536,0
DA:537,0
DA:538,0
DA:540,0
DA:543,10
DA:546,10
DA:548,10
DA:549,10
DA:550,0
DA:551,0
DA:554,10
DA:556,10
DA:557,0
DA:560,10
DA:561,10
DA:562,0
DA:563,0
DA:566,10
DA:567,10
DA:568,10
DA:570,10
DA:573,4
DA:576,4
DA:578,4
DA:579,4
DA:580,0
DA:581,0
DA:584,4
DA:586,4
DA:587,0
DA:590,4
DA:591,4
DA:592,0
DA:593,0
DA:596,4
DA:597,4
DA:598,4
DA:600,4
DA:603,14
DA:607,14
DA:609,14
DA:610,14
DA:611,0
DA:612,0
DA:615,14
DA:617,14
DA:618,0
DA:621,14
DA:622,14
DA:623,1
DA:624,1
DA:626,0
DA:627,0
DA:630,13
DA:631,14
DA:632,14
DA:634,14
DA:637,0
DA:641,0
DA:643,0
DA:644,0
DA:645,0
DA:646,0
DA:649,0
DA:651,0
DA:652,0
DA:655,0
DA:656,0
DA:657,0
DA:658,0
DA:661,0
DA:662,0
DA:663,0
DA:665,0
DA:668,0
DA:672,0
DA:674,0
DA:675,0
DA:676,0
DA:677,0
DA:680,0
DA:682,0
DA:683,0
DA:686,0
DA:687,0
DA:688,0
DA:689,0
DA:692,0
DA:693,0
DA:694,0
DA:696,0
DA:699,0
DA:703,0
DA:705,0
DA:706,0
DA:707,0
DA:708,0
DA:711,0
DA:713,0
DA:714,0
DA:717,0
DA:718,0
DA:719,0
DA:720,0
DA:723,0
DA:724,0
DA:725,0
DA:727,0
DA:730,0
DA:734,0
DA:736,0
DA:737,0
DA:738,0
DA:739,0
DA:742,0
DA:744,0
DA:745,0
DA:748,0
DA:749,0
DA:750,0
DA:751,0
DA:754,0
DA:755,0
DA:756,0
DA:758,0
DA:761,0
DA:765,0
DA:767,0
DA:768,0
DA:769,0
DA:770,0
DA:773,0
DA:775,0
DA:776,0
DA:779,0
DA:780,0
DA:781,0
DA:782,0
DA:785,0
DA:786,0
DA:787,0
DA:789,0
DA:797,0
DA:800,0
DA:801,0
DA:803,0
DA:804,0
DA:805,0
DA:808,0
DA:809,0
DA:810,0
DA:813,0
DA:818,0
DA:820,0
DA:821,0
DA:822,0
DA:823,0
DA:826,0
DA:827,0
DA:829,0
DA:831,0
DA:832,0
DA:833,0
DA:836,0
DA:837,0
DA:838,0
DA:839,0
DA:842,0
DA:843,0
DA:844,0
DA:846,0
DA:849,0
DA:852,0
DA:854,0
DA:855,0
DA:856,0
DA:859,0
DA:860,0
DA:866,0
DA:869,0
DA:871,0
DA:872,0
DA:873,0
DA:876,0
DA:877,0
DA:878,0
DA:879,0
DA:882,0
DA:883,0
DA:884,0
DA:887,0
DA:888,0
DA:889,0
DA:890,0
DA:893,0
DA:894,0
DA:895,0
DA:897,0
DA:900,0
DA:903,0
DA:905,0
DA:906,0
DA:909,0
DA:910,0
DA:917,0
DA:922,0
DA:923,0
DA:924,0
DA:925,0
DA:928,0
DA:930,0
DA:931,0
DA:932,0
DA:935,0
DA:936,0
DA:937,0
DA:938,0
DA:941,0
DA:942,0
DA:943,0
DA:946,0
DA:949,0
DA:951,0
DA:952,0
DA:953,0
DA:956,0
DA:957,0
DA:958,0
DA:965,0
DA:967,0
DA:969,0
DA:971,0
DA:972,0
DA:973,0
DA:976,0
DA:977,0
DA:978,0
DA:979,0
DA:982,0
DA:983,0
DA:984,0
DA:987,0
DA:988,0
DA:989,0
DA:992,0
DA:994,0
DA:995,0
DA:997,0
end_of_record
TN:
SF:/home/liyuan/tmp/libsmb2/lib/smb2-cmd-write.c
FN:59,smb2_encode_write_request
FNDA:16,smb2_encode_write_request
FN:126,smb2_cmd_write_async
FNDA:16,smb2_cmd_write_async
FN:163,smb2_encode_write_reply
FNDA:0,smb2_encode_write_reply
FN:191,smb2_cmd_write_reply_async
FNDA:0,smb2_cmd_write_reply_async
FN:216,smb2_process_write_fixed
FNDA:16,smb2_process_write_fixed
FN:250,smb2_process_write_request_fixed
FNDA:0,smb2_process_write_request_fixed
FN:305,smb2_process_write_request_variable
FNDA:0,smb2_process_write_request_variable
DA:59,16
DA:67,16
DA:68,16
DA:69,16
DA:70,0
DA:71,0
DA:74,16
DA:75,16
DA:76,0
DA:79,16
DA:80,0
DA:82,16
DA:83,16
DA:84,16
DA:85,16
DA:86,16
DA:87,16
DA:88,16
DA:89,16
DA:90,16
DA:92,16
DA:93,0
DA:94,0
DA:95,0
DA:97,0
DA:99,0
DA:100,0
DA:101,0
DA:102,0
DA:103,0
DA:105,0
DA:106,0
DA:107,0
DA:108,0
DA:112,0
DA:113,0
DA:117,0
DA:118,0
DA:122,16
DA:126,16
DA:133,16
DA:134,16
DA:135,0
DA:138,16
DA:139,0
DA:140,0
DA:143,16
DA:144,0
DA:145,0
DA:148,32
DA:149,16
DA:150,0
DA:151,0
DA:155,16
DA:156,16
DA:159,16
DA:163,0
DA:171,0
DA:172,0
DA:173,0
DA:174,0
DA:175,0
DA:178,0
DA:179,0
DA:180,0
DA:183,0
DA:184,0
DA:185,0
DA:187,0
DA:191,0
DA:197,0
DA:198,0
DA:199,0
DA:202,0
DA:203,0
DA:204,0
DA:207,0
DA:208,0
DA:209,0
DA:212,0
DA:216,16
DA:220,16
DA:223,16
DA:224,16
DA:225,16
DA:226,0
DA:229,0
DA:230,0
DA:233,16
DA:234,16
DA:235,0
DA:236,0
DA:238,16
DA:240,16
DA:241,16
DA:243,16
DA:250,0
DA:254,0
DA:257,0
DA:258,0
DA:259,0
DA:262,0
DA:263,0
DA:266,0
DA:267,0
DA:268,0
DA:269,0
DA:271,0
DA:273,0
DA:274,0
DA:275,0
DA:276,0
DA:277,0
DA:278,0
DA:279,0
DA:280,0
DA:281,0
DA:282,0
DA:284,0
DA:285,0
DA:286,0
DA:287,0
DA:288,0
DA:289,0
DA:293,0
DA:294,0
DA:296,0
DA:297,0
DA:300,0
DA:305,0
DA:308,0
DA:309,0
DA:310,0
DA:311,0
DA:314,0
DA:316,0
DA:317,0
end_of_record
TN:
SF:/home/liyuan/tmp/libsmb2/lib/smb2-cmd-notify-change.c
FN:59,smb2_encode_change_notify_request
FNDA:0,smb2_encode_change_notify_request
FN:91,smb2_cmd_change_notify_async
FNDA:0,smb2_cmd_change_notify_async
FN:116,smb2_encode_change_notify_reply
FNDA:0,smb2_encode_change_notify_reply
FN:178,smb2_cmd_change_notify_reply_async
FNDA:0,smb2_cmd_change_notify_reply_async
FN:203,smb2_process_change_notify_fixed
FNDA:0,smb2_process_change_notify_fixed
FN:235,smb2_process_change_notify_variable
FNDA:0,smb2_process_change_notify_variable
FN:246,smb2_process_change_notify_request_fixed
FNDA:0,smb2_process_change_notify_request_fixed
DA:59,0
DA:67,0
DA:68,0
DA:69,0
DA:70,0
DA:72,0
DA:75,0
DA:76,0
DA:77,0
DA:78,0
DA:81,0
DA:82,0
DA:83,0
DA:84,0
DA:85,0
DA:87,0
DA:91,0
DA:97,0
DA:98,0
DA:99,0
DA:102,0
DA:103,0
DA:104,0
DA:107,0
DA:108,0
DA:109,0
DA:112,0
DA:116,0
DA:123,0
DA:124,0
DA:125,0
DA:126,0
DA:128,0
DA:131,0
DA:132,0
DA:133,0
DA:134,0
DA:137,0
DA:138,0
DA:139,0
DA:140,0
DA:142,0
DA:143,0
DA:146,0
DA:147,0
DA:148,0
DA:149,0
DA:150,0
DA:151,0
DA:154,0
DA:158,0
DA:159,0
DA:160,0
DA:163,0
DA:164,0
DA:165,0
DA:166,0
DA:169,0
DA:171,0
DA:174,0
DA:178,0
DA:184,0
DA:185,0
DA:186,0
DA:189,0
DA:190,0
DA:191,0
DA:194,0
DA:195,0
DA:196,0
DA:199,0
DA:203,0
DA:207,0
DA:210,0
DA:211,0
DA:212,0
DA:213,0
DA:216,0
DA:217,0
DA:220,0
DA:221,0
DA:222,0
DA:224,0
DA:226,0
DA:228,0
DA:229,0
DA:231,0
DA:235,0
DA:238,0
DA:239,0
DA:241,0
DA:242,0
DA:246,0
DA:250,0
DA:253,0
DA:254,0
DA:255,0
DA:256,0
DA:259,0
DA:260,0
DA:263,0
DA:264,0
DA:265,0
DA:267,0
DA:269,0
DA:271,0
DA:272,0
DA:273,0
DA:275,0
end_of_record
TN:
SF:/home/liyuan/tmp/libsmb2/lib/dcerpc-lsa.c
FN:87,lsa_RPC_SID_coder
FNDA:0,lsa_RPC_SID_coder
FN:131,lsa_PRPC_SID_array_coder
FNDA:0,lsa_PRPC_SID_array_coder
FN:179,lsa_SID_ENUM_BUFFER_coder
FNDA:0,lsa_SID_ENUM_BUFFER_coder
FN:210,lsa_RPC_UNICODE_STRING_coder
FNDA:0,lsa_RPC_UNICODE_STRING_coder
FN:253,lsa_TRANSLATED_NAME_EX_coder
FNDA:0,lsa_TRANSLATED_NAME_EX_coder
FN:284,TN_array_coder
FNDA:0,TN_array_coder
FN:316,lsa_TRANSLATED_NAMES_EX_coder
FNDA:0,lsa_TRANSLATED_NAMES_EX_coder
FN:346,lsa_ObjectAttributes_coder
FNDA:0,lsa_ObjectAttributes_coder
FN:387,lsa_Close_req_coder
FNDA:0,lsa_Close_req_coder
FN:403,lsa_Close_rep_coder
FNDA:0,lsa_Close_rep_coder
FN:431,lsa_OpenPolicy2_req_coder
FNDA:0,lsa_OpenPolicy2_req_coder
FN:453,lsa_OpenPolicy2_rep_coder
FNDA:0,lsa_OpenPolicy2_rep_coder
FN:478,lsa_TRUST_INFORMATION_coder
FNDA:0,lsa_TRUST_INFORMATION_coder
FN:498,RDL_DOMAINS_array_coder
FNDA:0,RDL_DOMAINS_array_coder
FN:541,lsa_REFERENCED_DOMAIN_LIST_coder
FNDA:0,lsa_REFERENCED_DOMAIN_LIST_coder
FN:576,lsa_LookupSids2_req_coder
FNDA:0,lsa_LookupSids2_req_coder
FN:618,lsa_LookupSids2_rep_coder
FNDA:0,lsa_LookupSids2_rep_coder
DA:87,0
DA:92,0
DA:96,0
DA:97,0
DA:98,0
DA:100,0
DA:101,0
DA:103,0
DA:104,0
DA:106,0
DA:107,0
DA:108,0
DA:112,0
DA:113,0
DA:115,0
DA:116,0
DA:117,0
DA:121,0
DA:122,0
DA:123,0
DA:127,0
DA:131,0
DA:136,0
DA:140,0
DA:141,0
DA:142,0
DA:144,0
DA:145,0
DA:147,0
DA:148,0
DA:149,0
DA:151,0
DA:152,0
DA:155,0
DA:156,0
DA:161,0
DA:162,0
DA:163,0
DA:165,0
DA:169,0
DA:179,0
DA:184,0
DA:187,0
DA:188,0
DA:189,0
DA:191,0
DA:193,0
DA:195,0
DA:198,0
DA:210,0
DA:224,0
DA:226,0
DA:227,0
DA:228,0
DA:230,0
DA:231,0
DA:233,0
DA:234,0
DA:236,0
DA:238,0
DA:241,0
DA:253,0
DA:258,0
DA:260,0
DA:261,0
DA:263,0
DA:264,0
DA:265,0
DA:267,0
DA:268,0
DA:270,0
DA:271,0
DA:274,0
DA:284,0
DA:289,0
DA:293,0
DA:294,0
DA:295,0
DA:297,0
DA:298,0
DA:300,0
DA:301,0
DA:302,0
DA:305,0
DA:306,0
DA:307,0
DA:308,0
DA:312,0
DA:316,0
DA:321,0
DA:323,0
DA:324,0
DA:326,0
DA:328,0
DA:331,0
DA:346,0
DA:355,0
DA:356,0
DA:357,0
DA:359,0
DA:360,0
DA:361,0
DA:363,0
DA:364,0
DA:366,0
DA:367,0
DA:368,0
DA:370,0
DA:371,0
DA:373,0
DA:374,0
DA:377,0
DA:387,0
DA:392,0
DA:394,0
DA:396,0
DA:399,0
DA:403,0
DA:408,0
DA:410,0
DA:412,0
DA:414,0
DA:415,0
DA:418,0
DA:431,0
DA:436,0
DA:438,0
DA:440,0
DA:442,0
DA:444,0
DA:446,0
DA:447,0
DA:449,0
DA:453,0
DA:458,0
DA:460,0
DA:462,0
DA:464,0
DA:465,0
DA:468,0
DA:478,0
DA:483,0
DA:485,0
DA:486,0
DA:487,0
DA:489,0
DA:491,0
DA:494,0
DA:498,0
DA:503,0
DA:507,0
DA:508,0
DA:509,0
DA:511,0
DA:513,0
DA:514,0
DA:516,0
DA:517,0
DA:518,0
DA:522,0
DA:523,0
DA:524,0
DA:525,0
DA:529,0
DA:541,0
DA:546,0
DA:548,0
DA:549,0
DA:551,0
DA:553,0
DA:555,0
DA:556,0
DA:559,0
DA:576,0
DA:581,0
DA:584,0
DA:586,0
DA:588,0
DA:590,0
DA:592,0
DA:594,0
DA:596,0
DA:597,0
DA:598,0
DA:600,0
DA:602,0
DA:603,0
DA:604,0
DA:606,0
DA:607,0
DA:609,0
DA:610,0
DA:611,0
DA:614,0
DA:618,0
DA:623,0
DA:625,0
DA:627,0
DA:629,0
DA:631,0
DA:633,0
DA:634,0
DA:636,0
DA:637,0
DA:640,0
end_of_record
TN:
SF:/home/liyuan/tmp/libsmb2/lib/hmac-md5.c
FN:22,smb2_hmac_md5
FNDA:447,smb2_hmac_md5
DA:22,447
DA:35,447
DA:38,0
DA:39,0
DA:40,0
DA:42,0
DA:43,0
DA:57,447
DA:58,447
DA:59,447
DA:60,447
DA:63,29055
DA:64,28608
DA:65,28608
DA:70,447
DA:72,447
DA:73,447
DA:74,447
DA:78,447
DA:80,447
DA:81,447
DA:83,447
DA:84,447
end_of_record
TN:
SF:/home/liyuan/tmp/libsmb2/lib/hmac.c
FN:53,hmac
FNDA:0,hmac
FN:83,hmacReset
FNDA:369,hmacReset
FN:170,hmacInput
FNDA:1845,hmacInput
FN:198,hmacFinalBits
FNDA:0,hmacFinalBits
FN:228,hmacResult
FNDA:369,hmacResult
DA:53,0
DA:57,0
DA:58,0
DA:83,369
DA:94,369
DA:95,0
DA:97,369
DA:98,369
DA:100,369
DA:106,369
DA:109,0
DA:110,0
DA:111,0
DA:112,0
DA:114,0
DA:115,0
DA:130,6273
DA:132,5904
DA:133,5904
DA:136,18081
DA:138,17712
DA:139,17712
DA:144,738
DA:146,369
DA:170,1845
DA:172,1845
DA:173,0
DA:175,1845
DA:198,0
DA:200,0
DA:201,0
DA:203,0
DA:228,369
DA:230,369
DA:231,0
DA:235,738
DA:238,738
DA:240,738
DA:242,1107
DA:244,369
end_of_record
TN:
SF:/home/liyuan/tmp/libsmb2/lib/smb2-cmd-query-directory.c
FN:57,smb2_decode_fileidfulldirectoryinformation
FNDA:56,smb2_decode_fileidfulldirectoryinformation
FN:103,smb2_encode_query_directory_request
FNDA:35,smb2_encode_query_directory_request
FN:168,smb2_cmd_query_directory_async
FNDA:35,smb2_cmd_query_directory_async
FN:199,smb2_encode_query_directory_reply
FNDA:0,smb2_encode_query_directory_reply
FN:394,smb2_cmd_query_directory_reply_async
FNDA:0,smb2_cmd_query_directory_reply_async
FN:423,smb2_process_query_directory_fixed
FNDA:28,smb2_process_query_directory_fixed
FN:476,smb2_process_query_directory_variable
FNDA:15,smb2_process_query_directory_variable
FN:491,smb2_process_query_directory_request_fixed
FNDA:0,smb2_process_query_directory_request_fixed
FN:550,smb2_process_query_directory_request_variable
FNDA:0,smb2_process_query_directory_request_variable
DA:57,56
DA:70,56
DA:71,56
DA:72,56
DA:73,0
DA:74,0
DA:77,56
DA:78,56
DA:79,56
DA:80,56
DA:81,56
DA:82,56
DA:83,56
DA:85,56
DA:87,56
DA:88,56
DA:90,56
DA:91,56
DA:93,56
DA:94,56
DA:96,56
DA:97,56
DA:99,56
DA:103,35
DA:109,35
DA:112,35
DA:113,35
DA:114,35
DA:115,0
DA:116,0
DA:119,35
DA:120,35
DA:121,0
DA:122,0
DA:123,0
DA:127,35
DA:128,35
DA:129,35
DA:130,0
DA:131,0
DA:133,35
DA:136,35
DA:137,35
DA:138,35
DA:139,35
DA:140,35
DA:141,35
DA:142,35
DA:145,35
DA:146,35
DA:147,35
DA:148,0
DA:149,0
DA:150,0
DA:152,35
DA:153,35
DA:155,35
DA:157,35
DA:158,0
DA:159,0
DA:162,35
DA:164,35
DA:168,35
DA:174,35
DA:175,35
DA:176,0
DA:179,35
DA:180,0
DA:181,0
DA:184,35
DA:185,0
DA:186,0
DA:190,35
DA:191,35
DA:192,35
DA:195,35
DA:199,0
DA:209,0
DA:218,0
DA:219,0
DA:221,0
DA:222,0
DA:223,0
DA:224,0
DA:227,0
DA:229,0
DA:230,0
DA:232,0
DA:233,0
DA:234,0
DA:235,0
DA:236,0
DA:238,0
DA:239,0
DA:240,0
DA:241,0
DA:242,0
DA:243,0
DA:244,0
DA:246,0
DA:247,0
DA:249,0
DA:251,0
DA:252,0
DA:253,0
DA:254,0
DA:255,0
DA:256,0
DA:257,0
DA:258,0
DA:259,0
DA:261,0
DA:262,0
DA:263,0
DA:265,0
DA:269,0
DA:270,0
DA:271,0
DA:273,0
DA:274,0
DA:277,0
DA:278,0
DA:279,0
DA:280,0
DA:281,0
DA:282,0
DA:285,0
DA:289,0
DA:290,0
DA:291,0
DA:294,0
DA:295,0
DA:296,0
DA:298,0
DA:299,0
DA:300,0
DA:301,0
DA:306,0
DA:307,0
DA:308,0
DA:309,0
DA:310,0
DA:311,0
DA:312,0
DA:314,0
DA:316,0
DA:318,0
DA:319,0
DA:320,0
DA:321,0
DA:322,0
DA:323,0
DA:324,0
DA:325,0
DA:326,0
DA:328,0
DA:329,0
DA:330,0
DA:331,0
DA:334,0
DA:337,0
DA:339,0
DA:340,0
DA:341,0
DA:342,0
DA:343,0
DA:344,0
DA:345,0
DA:346,0
DA:347,0
DA:348,0
DA:349,0
DA:350,0
DA:351,0
DA:352,0
DA:353,0
DA:354,0
DA:356,0
DA:357,0
DA:358,0
DA:359,0
DA:360,0
DA:361,0
DA:362,0
DA:363,0
DA:364,0
DA:365,0
DA:366,0
DA:367,0
DA:368,0
DA:369,0
DA:370,0
DA:371,0
DA:372,0
DA:373,0
DA:374,0
DA:375,0
DA:377,0
DA:378,0
DA:379,0
DA:382,0
DA:383,0
DA:386,0
DA:388,0
DA:390,0
DA:394,0
DA:400,0
DA:401,0
DA:402,0
DA:405,0
DA:406,0
DA:407,0
DA:408,0
DA:411,0
DA:412,0
DA:413,0
DA:416,0
DA:423,28
DA:427,28
DA:430,28
DA:431,28
DA:432,28
DA:433,0
DA:436,0
DA:437,0
DA:440,28
DA:441,28
DA:442,0
DA:443,0
DA:445,28
DA:447,28
DA:448,28
DA:449,28
DA:450,16
DA:451,0
DA:453,0
DA:454,0
DA:457,28
DA:458,12
DA:461,16
DA:463,0
DA:465,0
DA:466,0
DA:472,16
DA:476,15
DA:479,15
DA:480,15
DA:482,15
DA:484,15
DA:491,0
DA:495,0
DA:498,0
DA:499,0
DA:500,0
DA:501,0
DA:504,0
DA:505,0
DA:508,0
DA:509,0
DA:510,0
DA:511,0
DA:513,0
DA:515,0
DA:516,0
DA:517,0
DA:518,0
DA:519,0
DA:520,0
DA:521,0
DA:523,0
DA:524,0
DA:525,0
DA:527,0
DA:528,0
DA:531,0
DA:532,0
DA:535,0
DA:537,0
DA:539,0
DA:540,0
DA:546,0
DA:550,0
DA:553,0
DA:554,0
DA:558,0
DA:559,0
DA:560,0
DA:561,0
DA:562,0
DA:563,0
DA:564,0
DA:566,0
DA:567,0
DA:568,0
DA:569,0
DA:570,0
DA:574,0
DA:575,0
DA:578,0
end_of_record
TN:
SF:/home/liyuan/tmp/libsmb2/lib/unicode.c
FN:60,l1
FNDA:348304,l1
FN:78,validate_utf8_cp
FNDA:348304,validate_utf8_cp
FN:148,validate_utf8_str
FNDA:21094,validate_utf8_str
FN:167,smb2_utf8_to_utf16
FNDA:21094,smb2_utf8_to_utf16
FN:205,utf16_size
FNDA:20264,utf16_size
FN:248,smb2_utf16_to_utf8
FNDA:20264,smb2_utf16_to_utf8
DA:60,348304
DA:62,348304
DA:63,348304
DA:64,0
DA:65,0
DA:67,348304
DA:78,348304
DA:80,348304
DA:83,348304
DA:85,348304
DA:86,348304
DA:88,348304
DA:89,348304
DA:90,0
DA:92,0
DA:93,0
DA:96,0
DA:100,0
DA:101,0
DA:102,0
DA:103,0
DA:105,0
DA:106,0
DA:111,0
DA:112,0
DA:113,0
DA:114,0
DA:115,0
DA:116,0
DA:117,0
DA:118,0
DA:119,0
DA:120,0
DA:124,0
DA:126,0
DA:127,0
DA:128,0
DA:130,0
DA:131,0
DA:132,0
DA:133,0
DA:134,0
DA:135,0
DA:138,0
DA:141,0
DA:148,21094
DA:150,21094
DA:151,21094
DA:155,195246
DA:156,174152
DA:157,174152
DA:158,0
DA:160,174152
DA:162,21094
DA:167,21094
DA:172,21094
DA:173,21094
DA:174,0
DA:177,21094
DA:178,21094
DA:179,0
DA:182,21094
DA:183,21094
DA:184,195246
DA:185,174152
DA:186,174152
DA:187,174152
DA:188,174152
DA:189,174152
DA:190,0
DA:191,0
DA:192,0
DA:193,0
DA:194,0
DA:195,0
DA:197,0
DA:201,21094
DA:205,20264
DA:207,20264
DA:208,20264
DA:209,202336
DA:210,182072
DA:212,182072
DA:213,182072
DA:214,0
DA:215,0
DA:216,0
DA:217,0
DA:218,0
DA:220,0
DA:221,0
DA:224,0
DA:225,0
DA:226,0
DA:227,0
DA:228,0
DA:230,0
DA:232,0
DA:234,0
DA:237,0
DA:241,20264
DA:248,20264
DA:250,20264
DA:255,20264
DA:256,20264
DA:257,20264
DA:258,0
DA:260,20264
DA:262,20264
DA:263,202336
DA:264,182072
DA:266,182072
DA:267,182072
DA:268,0
DA:269,0
DA:270,0
DA:271,0
DA:272,0
DA:273,0
DA:274,0
DA:275,0
DA:277,0
DA:278,0
DA:279,0
DA:282,0
DA:283,0
DA:284,0
DA:285,0
DA:286,0
DA:287,0
DA:288,0
DA:290,0
DA:291,0
DA:292,0
DA:293,0
DA:295,0
DA:298,0
DA:302,0
DA:306,20264
end_of_record
SF:/usr/include/x86_64-linux-gnu/bits/uintn-identity.h
FN:33,__uint16_identity
FNDA:538296,__uint16_identity
DA:33,538296
DA:35,538296
end_of_record
TN:
SF:/home/liyuan/tmp/libsmb2/lib/usha.c
FN:30,USHAReset
FNDA:1563,USHAReset
FN:84,USHAInput
FNDA:6538,USHAInput
FN:136,USHAFinalBits
FNDA:0,USHAFinalBits
FN:192,USHAResult
FNDA:1563,USHAResult
FN:240,USHABlockSize
FNDA:369,USHABlockSize
FN:281,USHAHashSize
FNDA:369,USHAHashSize
FN:322,USHAHashSizeBits
FNDA:0,USHAHashSizeBits
DA:30,1563
DA:32,1563
DA:34,1563
DA:35,1563
DA:45,738
DA:46,738
DA:48,0
DA:49,0
DA:50,825
DA:51,825
DA:53,0
DA:54,0
DA:59,0
DA:84,6538
DA:86,6538
DA:88,6538
DA:98,2952
DA:99,2952
DA:101,0
DA:102,0
DA:103,3586
DA:104,3586
DA:106,0
DA:107,0
DA:112,0
DA:136,0
DA:138,0
DA:140,0
DA:151,0
DA:152,0
DA:155,0
DA:156,0
DA:158,0
DA:159,0
DA:162,0
DA:163,0
DA:168,0
DA:192,1563
DA:194,1563
DA:196,1563
DA:206,738
DA:207,738
DA:209,0
DA:210,0
DA:211,825
DA:212,825
DA:214,0
DA:215,0
DA:220,0
DA:240,369
DA:242,369
DA:252,369
DA:253,369
DA:255,0
DA:256,0
DA:257,0
DA:258,0
DA:260,0
DA:261,0
DA:281,369
DA:283,369
DA:293,369
DA:294,369
DA:296,0
DA:297,0
DA:298,0
DA:299,0
DA:301,0
DA:302,0
DA:322,0
DA:324,0
DA:334,0
DA:335,0
DA:337,0
DA:338,0
DA:339,0
DA:340,0
DA:342,0
DA:343,0
end_of_record
TN:
SF:/home/liyuan/tmp/libsmb2/lib/timestamps.c
FN:59,smb2_timeval_to_win
FNDA:314,smb2_timeval_to_win
FN:66,smb2_win_to_timeval
FNDA:80280,smb2_win_to_timeval
DA:59,314
DA:61,314
DA:62,314
DA:66,80280
DA:68,80280
DA:69,80280
DA:70,80280
end_of_record
TN:
SF:/home/liyuan/tmp/libsmb2/utils/smb2-cp.c
FN:52,usage
FNDA:0,usage
FN:61,free_file_context
FNDA:125,free_file_context
FN:77,fstat_file
FNDA:30,fstat_file
FN:106,file_pread
FNDA:29,file_pread
FN:117,file_pwrite
FNDA:24,file_pwrite
FN:128,open_file
FNDA:125,open_file
FN:193,main
FNDA:74,main
DA:52,0
DA:54,0
DA:55,0
DA:57,0
DA:61,125
DA:63,125
DA:64,51
DA:66,125
DA:67,30
DA:69,125
DA:70,74
DA:72,125
DA:73,125
DA:74,125
DA:77,30
DA:79,30
DA:80,16
DA:84,14
DA:85,14
DA:86,14
DA:88,14
DA:89,14
DA:90,14
DA:91,14
DA:93,14
DA:94,14
DA:95,14
DA:96,14
DA:97,14
DA:98,14
DA:99,14
DA:101,14
DA:106,29
DA:108,29
DA:109,16
DA:110,16
DA:112,13
DA:117,24
DA:119,24
DA:120,8
DA:121,8
DA:123,16
DA:128,125
DA:132,125
DA:133,125
DA:134,0
DA:135,0
DA:137,125
DA:138,125
DA:139,125
DA:140,125
DA:141,125
DA:143,125
DA:144,51
DA:145,51
DA:146,51
DA:147,0
DA:148,0
DA:149,0
DA:151,51
DA:154,74
DA:156,74
DA:157,74
DA:158,0
DA:159,0
DA:160,0
DA:163,74
DA:164,74
DA:165,0
DA:166,0
DA:167,0
DA:170,74
DA:171,74
DA:172,74
DA:173,34
DA:175,34
DA:176,34
DA:179,40
DA:180,40
DA:181,10
DA:182,10
DA:184,10
DA:185,10
DA:187,30
DA:193,74
DA:212,74
DA:213,0
DA:216,74
DA:217,74
DA:218,23
DA:219,23
DA:222,51
DA:223,51
DA:224,21
DA:225,21
DA:226,21
DA:229,30
DA:230,1
DA:231,1
DA:232,1
DA:233,1
DA:236,29
DA:237,49
DA:238,29
DA:239,29
DA:240,0
DA:242,29
DA:243,29
DA:244,5
DA:245,5
DA:246,5
DA:247,5
DA:249,24
DA:250,24
DA:251,4
DA:252,4
DA:253,4
DA:254,4
DA:257,20
DA:259,20
DA:261,20
DA:262,20
DA:264,20
end_of_record
